#
# There is insufficient memory for the Java Runtime Environment to continue.
# Native memory allocation (mmap) failed to map 49283072 bytes for committing reserved memory.
# Possible reasons:
#   The system is out of physical RAM or swap space
#   The process is running with CompressedOops enabled, and the Java Heap may be blocking the growth of the native heap
# Possible solutions:
#   Reduce memory load on the system
#   Increase physical memory or swap space
#   Check if swap backing store is full
#   Decrease Java heap size (-Xmx/-Xms)
#   Decrease number of Java threads
#   Decrease Java thread stack sizes (-Xss)
#   Set larger code cache with -XX:ReservedCodeCacheSize=
#   JVM is running with Zero Based Compressed Oops mode in which the Java heap is
#     placed in the first 32GB address space. The Java Heap base address is the
#     maximum limit for the native heap growth. Please use -XX:HeapBaseMinAddress
#     to set the Java Heap base and to place the Java Heap above 32GB virtual address.
# This output file may be truncated or incomplete.
#
#  Out of Memory Error (os_linux.cpp:2720), pid=14796, tid=14806
#
# JRE version: OpenJDK Runtime Environment (11.0.2+9) (build 11.0.2+9-Ubuntu-3ubuntu118.04.3)
# Java VM: OpenJDK 64-Bit Server VM (11.0.2+9-Ubuntu-3ubuntu118.04.3, mixed mode, sharing, tiered, compressed oops, g1 gc, linux-amd64)
# Core dump will be written. Default location: Core dumps may be processed with "/usr/share/apport/apport %p %s %c %d %P" (or dumping to /home/pal_user/workspace/pal-tracker-distributed/applications/timesheets-server/core.14796)
#

---------------  S U M M A R Y ------------

Command Line: --add-opens=java.base/java.util=ALL-UNNAMED -Xmx3g -Dfile.encoding=UTF-8 -Duser.country=US -Duser.language=en -Duser.variant org.gradle.launcher.daemon.bootstrap.GradleDaemon 4.10.3

Host: Intel(R) Core(TM) i5-7260U CPU @ 2.20GHz, 4 cores, 7G, Ubuntu 18.04.2 LTS
Time: Thu May  9 12:33:50 2019 MDT elapsed time: 250 seconds (0d 0h 4m 10s)

---------------  T H R E A D  ---------------

Current thread (0x00007fbdcc11a000):  VMThread "VM Thread" [stack: 0x00007fbda8271000,0x00007fbda8371000] [id=14806]

Stack: [0x00007fbda8271000,0x00007fbda8371000],  sp=0x00007fbda836f060,  free space=1016k
Native frames: (J=compiled Java code, A=aot compiled Java code, j=interpreted, Vv=VM code, C=native code)
V  [libjvm.so+0xde4a77]
V  [libjvm.so+0xde56cb]
V  [libjvm.so+0x65c115]
V  [libjvm.so+0xbbfd58]
V  [libjvm.so+0xbb75ed]
V  [libjvm.so+0x773b5f]
V  [libjvm.so+0x773dce]
V  [libjvm.so+0x77fcf0]
V  [libjvm.so+0x7fa829]
V  [libjvm.so+0x7fb47f]
V  [libjvm.so+0x7fb909]
V  [libjvm.so+0x73917f]
V  [libjvm.so+0x73df0a]
V  [libjvm.so+0xdf0461]
V  [libjvm.so+0xdef028]
V  [libjvm.so+0xdec8a6]
V  [libjvm.so+0xdecd6e]
V  [libjvm.so+0xded19b]
V  [libjvm.so+0xbc5a20]

VM_Operation (0x00007fbd6cad07f0): G1CollectForAllocation, mode: safepoint, requested by thread 0x00007fbd506db800


---------------  P R O C E S S  ---------------

Threads class SMR info:
_java_thread_list=0x00007fbd781238d0, length=47, elements={
0x00007fbdcc012000, 0x00007fbdcc11c800, 0x00007fbdcc11e800, 0x00007fbdcc124800,
0x00007fbdcc127000, 0x00007fbdcc129000, 0x00007fbdcc12b000, 0x00007fbdcc176800,
0x00007fbdcc179800, 0x00007fbdcd001000, 0x00007fbdcd031800, 0x00007fbd5c052000,
0x00007fbd54005800, 0x00007fbd54009000, 0x00007fbd5400a800, 0x00007fbd5000b800,
0x00007fbd50016000, 0x00007fbd5017f000, 0x00007fbd50184800, 0x00007fbd501de800,
0x00007fbd5024f800, 0x00007fbd50a46800, 0x00007fbd50cda800, 0x00007fbd50cdb800,
0x00007fbd502b0800, 0x00007fbd502be000, 0x00007fbd50391000, 0x00007fbd50474000,
0x00007fbd50475000, 0x00007fbd50476000, 0x00007fbd50476800, 0x00007fbd50478000,
0x00007fbd50462800, 0x00007fbd50463800, 0x00007fbd506d9000, 0x00007fbd506da800,
0x00007fbd506db800, 0x00007fbd506dc800, 0x00007fbd506dd800, 0x00007fbd506df000,
0x00007fbd506e1000, 0x00007fbd506e2800, 0x00007fbdb0019000, 0x00007fbdb001a800,
0x00005572408b5000, 0x00005572408ba000, 0x00007fbd78122800
}

Java Threads: ( => current thread )
  0x00007fbdcc012000 JavaThread "main" [_thread_blocked, id=14800, stack(0x00007fbdd3944000,0x00007fbdd3a45000)]
  0x00007fbdcc11c800 JavaThread "Reference Handler" daemon [_thread_blocked, id=14807, stack(0x00007fbda816e000,0x00007fbda826f000)]
  0x00007fbdcc11e800 JavaThread "Finalizer" daemon [_thread_blocked, id=14808, stack(0x00007fbda806d000,0x00007fbda816e000)]
  0x00007fbdcc124800 JavaThread "Signal Dispatcher" daemon [_thread_blocked, id=14809, stack(0x00007fbda0d30000,0x00007fbda0e31000)]
  0x00007fbdcc127000 JavaThread "C2 CompilerThread0" daemon [_thread_blocked, id=14810, stack(0x00007fbda0c2f000,0x00007fbda0d30000)]
  0x00007fbdcc129000 JavaThread "C1 CompilerThread0" daemon [_thread_blocked, id=14811, stack(0x00007fbda0b2e000,0x00007fbda0c2f000)]
  0x00007fbdcc12b000 JavaThread "Sweeper thread" daemon [_thread_blocked, id=14812, stack(0x00007fbda0a2d000,0x00007fbda0b2e000)]
  0x00007fbdcc176800 JavaThread "Common-Cleaner" daemon [_thread_blocked, id=14813, stack(0x00007fbda092c000,0x00007fbda0a2d000)]
  0x00007fbdcc179800 JavaThread "Service Thread" daemon [_thread_blocked, id=14814, stack(0x00007fbda082b000,0x00007fbda092c000)]
  0x00007fbdcd001000 JavaThread "Incoming local TCP Connector on port 33667" [_thread_in_native, id=14834, stack(0x00007fbd6fdfd000,0x00007fbd6fefe000)]
  0x00007fbdcd031800 JavaThread "Daemon periodic checks" [_thread_blocked, id=14836, stack(0x00007fbd6f6ee000,0x00007fbd6f7ef000)]
  0x00007fbd5c052000 JavaThread "Daemon" [_thread_blocked, id=14837, stack(0x00007fbd6f5ed000,0x00007fbd6f6ee000)]
  0x00007fbd54005800 JavaThread "Handler for socket connection from /127.0.0.1:33667 to /127.0.0.1:42446" [_thread_in_native, id=14838, stack(0x00007fbd6f4ec000,0x00007fbd6f5ed000)]
  0x00007fbd54009000 JavaThread "Cancel handler" [_thread_blocked, id=14840, stack(0x00007fbd6f3eb000,0x00007fbd6f4ec000)]
  0x00007fbd5400a800 JavaThread "Daemon worker" [_thread_blocked, id=14841, stack(0x00007fbd6f2ea000,0x00007fbd6f3eb000)]
  0x00007fbd5000b800 JavaThread "Asynchronous log dispatcher for DefaultDaemonConnection: socket connection from /127.0.0.1:33667 to /127.0.0.1:42446" [_thread_blocked, id=14844, stack(0x00007fbd6f1e9000,0x00007fbd6f2ea000)]
  0x00007fbd50016000 JavaThread "Stdin handler" [_thread_blocked, id=14845, stack(0x00007fbd6f0e8000,0x00007fbd6f1e9000)]
  0x00007fbd5017f000 JavaThread "Cache worker for file hash cache (/home/pal_user/.gradle/caches/4.10.3/fileHashes)" [_thread_blocked, id=14848, stack(0x00007fbd6ede7000,0x00007fbd6eee8000)]
  0x00007fbd50184800 JavaThread "File lock request listener" [_thread_in_native, id=14849, stack(0x00007fbd6ece6000,0x00007fbd6ede7000)]
  0x00007fbd501de800 JavaThread "Cache worker for file hash cache (/home/pal_user/workspace/pal-tracker-distributed/.gradle/4.10.3/fileHashes)" [_thread_blocked, id=14858, stack(0x00007fbd6e8e4000,0x00007fbd6e9e5000)]
  0x00007fbd5024f800 JavaThread "Cache worker for journal cache (/home/pal_user/.gradle/caches/journal-1)" [_thread_blocked, id=14859, stack(0x00007fbd6e7e3000,0x00007fbd6e8e4000)]
  0x00007fbd50a46800 JavaThread "Cache worker for Artifact transforms cache (/home/pal_user/.gradle/caches/transforms-1)" [_thread_blocked, id=14866, stack(0x00007fbd6dadc000,0x00007fbd6dbdd000)]
  0x00007fbd50cda800 JavaThread "Build operations" [_thread_blocked, id=14883, stack(0x00007fbd6d0da000,0x00007fbd6d1db000)]
  0x00007fbd50cdb800 JavaThread "Build operations Thread 2" [_thread_blocked, id=14884, stack(0x00007fbd6cfd9000,0x00007fbd6d0da000)]
  0x00007fbd502b0800 JavaThread "Memory manager" [_thread_blocked, id=14888, stack(0x00007fbd6ced8000,0x00007fbd6cfd9000)]
  0x00007fbd502be000 JavaThread "Cache worker for file content cache (/home/pal_user/.gradle/caches/4.10.3/fileContent)" [_thread_blocked, id=14889, stack(0x00007fbd6cdd7000,0x00007fbd6ced8000)]
  0x00007fbd50391000 JavaThread "Cache worker for cache directory md-supplier (/home/pal_user/.gradle/caches/4.10.3/md-supplier)" [_thread_blocked, id=14903, stack(0x00007fbd6dbdd000,0x00007fbd6dcde000)]
  0x00007fbd50474000 JavaThread "Cache worker for cache directory md-rule (/home/pal_user/.gradle/caches/4.10.3/md-rule)" [_thread_blocked, id=14904, stack(0x00007fbd6e2de000,0x00007fbd6e3df000)]
  0x00007fbd50475000 JavaThread "Build operations Thread 3" [_thread_blocked, id=14905, stack(0x00007fbd6c1cd000,0x00007fbd6c2ce000)]
  0x00007fbd50476000 JavaThread "Build operations Thread 4" [_thread_blocked, id=14906, stack(0x00007fbd6c2ce000,0x00007fbd6c3cf000)]
  0x00007fbd50476800 JavaThread "Build operations Thread 5" [_thread_blocked, id=14907, stack(0x00007fbd6ccd6000,0x00007fbd6cdd7000)]
  0x00007fbd50478000 JavaThread "Build operations Thread 6" [_thread_blocked, id=14908, stack(0x00007fbd6c7d3000,0x00007fbd6c8d4000)]
  0x00007fbd50462800 JavaThread "Build operations Thread 7" [_thread_blocked, id=14909, stack(0x00007fbd6c3cf000,0x00007fbd6c4d0000)]
  0x00007fbd50463800 JavaThread "Build operations Thread 8" [_thread_blocked, id=14910, stack(0x00007fbd6c6d2000,0x00007fbd6c7d3000)]
  0x00007fbd506d9000 JavaThread "Cache worker for file content cache (/home/pal_user/workspace/pal-tracker-distributed/.gradle/4.10.3/fileContent)" [_thread_blocked, id=14915, stack(0x00007fbd6c8d4000,0x00007fbd6c9d5000)]
  0x00007fbd506da800 JavaThread "Task worker for ':'" [_thread_blocked, id=14916, stack(0x00007fbd6c5d1000,0x00007fbd6c6d2000)]
  0x00007fbd506db800 JavaThread "Task worker for ':' Thread 2" [_thread_blocked, id=14917, stack(0x00007fbd6c9d5000,0x00007fbd6cad6000)]
  0x00007fbd506dc800 JavaThread "Task worker for ':' Thread 3" [_thread_blocked, id=14918, stack(0x00007fbd6c4d0000,0x00007fbd6c5d1000)]
  0x00007fbd506dd800 JavaThread "Task worker for ':' Thread 4" [_thread_blocked, id=14919, stack(0x00007fbd6c0cc000,0x00007fbd6c1cd000)]
  0x00007fbd506df000 JavaThread "Task worker for ':' Thread 5" [_thread_blocked, id=14920, stack(0x00007fbd2bcff000,0x00007fbd2be00000)]
  0x00007fbd506e1000 JavaThread "Task worker for ':' Thread 6" [_thread_blocked, id=14921, stack(0x00007fbd2bbfe000,0x00007fbd2bcff000)]
  0x00007fbd506e2800 JavaThread "Task worker for ':' Thread 7" [_thread_blocked, id=14922, stack(0x00007fbd2b88d000,0x00007fbd2b98e000)]
  0x00007fbdb0019000 JavaThread "Cache worker for task history cache (/home/pal_user/workspace/pal-tracker-distributed/.gradle/4.10.3/taskHistory)" [_thread_blocked, id=14923, stack(0x00007fbd2b78c000,0x00007fbd2b88d000)]
  0x00007fbdb001a800 JavaThread "Cache worker for Build Output Cleanup Cache (/home/pal_user/workspace/pal-tracker-distributed/.gradle/buildOutputCleanup)" [_thread_blocked, id=14924, stack(0x00007fbd2b68b000,0x00007fbd2b78c000)]
  0x00005572408b5000 JavaThread "Cache worker for Java compile cache (/home/pal_user/.gradle/caches/4.10.3/javaCompile)" [_thread_blocked, id=14944, stack(0x00007fbd2b58a000,0x00007fbd2b68b000)]
  0x00005572408ba000 JavaThread "Cache worker for Java compile cache (/home/pal_user/workspace/pal-tracker-distributed/.gradle/4.10.3/javaCompile)" [_thread_blocked, id=14947, stack(0x00007fbd2b489000,0x00007fbd2b58a000)]
  0x00007fbd78122800 JavaThread "C2 CompilerThread1" daemon [_thread_blocked, id=15051, stack(0x00007fbd6d9db000,0x00007fbd6dadc000)]

Other Threads:
=>0x00007fbdcc11a000 VMThread "VM Thread" [stack: 0x00007fbda8271000,0x00007fbda8371000] [id=14806]
  0x00007fbdcc17c800 WatcherThread [stack: 0x00007fbda072b000,0x00007fbda082b000] [id=14815]
  0x00007fbdcc028800 GCTaskThread "GC Thread#0" [stack: 0x00007fbdb42a4000,0x00007fbdb43a4000] [id=14801]
  0x00007fbd94001000 GCTaskThread "GC Thread#1" [stack: 0x00007fbd6ff00000,0x00007fbd70000000] [id=14817]
  0x00007fbd94004000 GCTaskThread "GC Thread#2" [stack: 0x00007fbd6e6e3000,0x00007fbd6e7e3000] [id=14860]
  0x00007fbd94005800 GCTaskThread "GC Thread#3" [stack: 0x00007fbd6e5e1000,0x00007fbd6e6e1000] [id=14861]
  0x00007fbdcc072000 ConcurrentGCThread "G1 Main Marker" [stack: 0x00007fbda8afe000,0x00007fbda8bfe000] [id=14802]
  0x00007fbdcc073800 ConcurrentGCThread "G1 Conc#0" [stack: 0x00007fbda89fc000,0x00007fbda8afc000] [id=14803]
  0x00007fbdcc0f0000 ConcurrentGCThread "G1 Refine#0" [stack: 0x00007fbda84f6000,0x00007fbda85f6000] [id=14804]
  0x00007fbdcc0f2000 ConcurrentGCThread "G1 Young RemSet Sampling" [stack: 0x00007fbda83f4000,0x00007fbda84f4000] [id=14805]

Threads with active compile tasks:
C2 CompilerThread09399       4       io.spring.gradle.dependencymanagement.org.apache.maven.model.inheritance.DefaultInheritanceAssembler$InheritanceModelMerger::mergePluginContainer_Plugins (430 bytes)
C1 CompilerThread09465       3       java.nio.MappedByteBuffer::flip (5 bytes)
C2 CompilerThread19443       4       java.lang.StringBuilder::append (9 bytes)

VM state:at safepoint (normal execution)

VM Mutex/Monitor currently owned by a thread:  ([mutex/lock_event])
[0x00007fbdcc00e690] Threads_lock - owner thread: 0x00007fbdcc11a000
[0x00007fbdcc00ede0] Heap_lock - owner thread: 0x00007fbd506db800

Heap address: 0x0000000740000000, size: 3072 MB, Compressed Oops mode: Zero based, Oop shift amount: 3
Narrow klass base: 0x0000000800000000, Narrow klass shift: 3
Compressed class space size: 1073741824 Address: 0x0000000840000000

Heap:
 garbage-first heap   total 286720K, used 62255K [0x0000000740000000, 0x0000000800000000)
  region size 1024K, 2 young (2048K), 2 survivors (2048K)
 Metaspace       used 51444K, capacity 53065K, committed 53424K, reserved 1095680K
  class space    used 6814K, capacity 7343K, committed 7424K, reserved 1048576K
Heap Regions: E=young(eden), S=young(survivor), O=old, HS=humongous(starts), HC=humongous(continues), CS=collection set, F=free, A=archive, TAMS=top-at-mark-start (previous, next)
|   0|0x0000000740000000, 0x0000000740100000, 0x0000000740100000|100%|HS|  |TAMS 0x0000000740100000, 0x0000000740000000| Complete 
|   1|0x0000000740100000, 0x0000000740200000, 0x0000000740200000|100%|HC|  |TAMS 0x0000000740200000, 0x0000000740100000| Complete 
|   2|0x0000000740200000, 0x0000000740300000, 0x0000000740300000|100%| O|  |TAMS 0x0000000740300000, 0x0000000740200000| Untracked 
|   3|0x0000000740300000, 0x0000000740400000, 0x0000000740400000|100%| O|  |TAMS 0x0000000740400000, 0x0000000740300000| Untracked 
|   4|0x0000000740400000, 0x0000000740500000, 0x0000000740500000|100%| O|  |TAMS 0x0000000740500000, 0x0000000740400000| Untracked 
|   5|0x0000000740500000, 0x0000000740600000, 0x0000000740600000|100%| O|  |TAMS 0x0000000740600000, 0x0000000740500000| Untracked 
|   6|0x0000000740600000, 0x0000000740700000, 0x0000000740700000|100%| O|  |TAMS 0x0000000740700000, 0x0000000740600000| Untracked 
|   7|0x0000000740700000, 0x0000000740800000, 0x0000000740800000|100%| O|  |TAMS 0x0000000740800000, 0x0000000740700000| Untracked 
|   8|0x0000000740800000, 0x0000000740900000, 0x0000000740900000|100%| O|  |TAMS 0x0000000740900000, 0x0000000740800000| Untracked 
|   9|0x0000000740900000, 0x0000000740a00000, 0x0000000740a00000|100%| O|  |TAMS 0x0000000740a00000, 0x0000000740900000| Untracked 
|  10|0x0000000740a00000, 0x0000000740b00000, 0x0000000740b00000|100%| O|  |TAMS 0x0000000740b00000, 0x0000000740a00000| Untracked 
|  11|0x0000000740b00000, 0x0000000740c00000, 0x0000000740c00000|100%| O|  |TAMS 0x0000000740c00000, 0x0000000740b00000| Untracked 
|  12|0x0000000740c00000, 0x0000000740d00000, 0x0000000740d00000|100%| O|  |TAMS 0x0000000740d00000, 0x0000000740c00000| Untracked 
|  13|0x0000000740d00000, 0x0000000740e00000, 0x0000000740e00000|100%| O|  |TAMS 0x0000000740e00000, 0x0000000740d00000| Untracked 
|  14|0x0000000740e00000, 0x0000000740f00000, 0x0000000740f00000|100%| O|  |TAMS 0x0000000740f00000, 0x0000000740e00000| Untracked 
|  15|0x0000000740f00000, 0x0000000741000000, 0x0000000741000000|100%| O|  |TAMS 0x0000000741000000, 0x0000000740f00000| Untracked 
|  16|0x0000000741000000, 0x0000000741100000, 0x0000000741100000|100%| O|  |TAMS 0x0000000741100000, 0x0000000741000000| Untracked 
|  17|0x0000000741100000, 0x0000000741200000, 0x0000000741200000|100%| O|  |TAMS 0x0000000741200000, 0x0000000741100000| Untracked 
|  18|0x0000000741200000, 0x0000000741300000, 0x0000000741300000|100%| O|  |TAMS 0x0000000741300000, 0x0000000741200000| Untracked 
|  19|0x0000000741300000, 0x0000000741400000, 0x0000000741400000|100%| O|  |TAMS 0x0000000741400000, 0x0000000741300000| Untracked 
|  20|0x0000000741400000, 0x0000000741500000, 0x0000000741500000|100%| O|  |TAMS 0x0000000741500000, 0x0000000741400000| Untracked 
|  21|0x0000000741500000, 0x0000000741600000, 0x0000000741600000|100%| O|  |TAMS 0x0000000741600000, 0x0000000741500000| Untracked 
|  22|0x0000000741600000, 0x0000000741700000, 0x0000000741700000|100%| O|  |TAMS 0x0000000741700000, 0x0000000741600000| Untracked 
|  23|0x0000000741700000, 0x0000000741800000, 0x0000000741800000|100%| O|  |TAMS 0x000000074179ea00, 0x0000000741700000| Untracked 
|  24|0x0000000741800000, 0x0000000741900000, 0x0000000741900000|100%| O|  |TAMS 0x0000000741800000, 0x0000000741800000| Untracked 
|  25|0x0000000741900000, 0x0000000741a00000, 0x0000000741a00000|100%| O|  |TAMS 0x0000000741900000, 0x0000000741900000| Untracked 
|  26|0x0000000741a00000, 0x0000000741b00000, 0x0000000741b00000|100%| O|  |TAMS 0x0000000741a00000, 0x0000000741a00000| Untracked 
|  27|0x0000000741b00000, 0x0000000741c00000, 0x0000000741c00000|100%| O|  |TAMS 0x0000000741b00000, 0x0000000741b00000| Untracked 
|  28|0x0000000741c00000, 0x0000000741d00000, 0x0000000741d00000|100%| O|  |TAMS 0x0000000741c00000, 0x0000000741c00000| Untracked 
|  29|0x0000000741d00000, 0x0000000741e00000, 0x0000000741e00000|100%| O|  |TAMS 0x0000000741d00000, 0x0000000741d00000| Untracked 
|  30|0x0000000741e00000, 0x0000000741f00000, 0x0000000741f00000|100%| O|  |TAMS 0x0000000741e00000, 0x0000000741e00000| Untracked 
|  31|0x0000000741f00000, 0x0000000742000000, 0x0000000742000000|100%| O|  |TAMS 0x0000000741f00000, 0x0000000741f00000| Untracked 
|  32|0x0000000742000000, 0x0000000742100000, 0x0000000742100000|100%| O|  |TAMS 0x0000000742000000, 0x0000000742000000| Untracked 
|  33|0x0000000742100000, 0x0000000742200000, 0x0000000742200000|100%| O|  |TAMS 0x0000000742100000, 0x0000000742100000| Untracked 
|  34|0x0000000742200000, 0x0000000742300000, 0x0000000742300000|100%| O|  |TAMS 0x0000000742200000, 0x0000000742200000| Untracked 
|  35|0x0000000742300000, 0x0000000742400000, 0x0000000742400000|100%| O|  |TAMS 0x0000000742300000, 0x0000000742300000| Untracked 
|  36|0x0000000742400000, 0x0000000742500000, 0x0000000742500000|100%| O|  |TAMS 0x0000000742400000, 0x0000000742400000| Untracked 
|  37|0x0000000742500000, 0x0000000742600000, 0x0000000742600000|100%| O|  |TAMS 0x0000000742500000, 0x0000000742500000| Untracked 
|  38|0x0000000742600000, 0x0000000742700000, 0x0000000742700000|100%| O|  |TAMS 0x0000000742600000, 0x0000000742600000| Untracked 
|  39|0x0000000742700000, 0x0000000742800000, 0x0000000742800000|100%| O|  |TAMS 0x0000000742700000, 0x0000000742700000| Untracked 
|  40|0x0000000742800000, 0x0000000742900000, 0x0000000742900000|100%| O|  |TAMS 0x0000000742800000, 0x0000000742800000| Untracked 
|  41|0x0000000742900000, 0x0000000742a00000, 0x0000000742a00000|100%| O|  |TAMS 0x0000000742900000, 0x0000000742900000| Untracked 
|  42|0x0000000742a00000, 0x0000000742b00000, 0x0000000742b00000|100%| O|  |TAMS 0x0000000742a00000, 0x0000000742a00000| Untracked 
|  43|0x0000000742b00000, 0x0000000742c00000, 0x0000000742c00000|100%| O|  |TAMS 0x0000000742b00000, 0x0000000742b00000| Untracked 
|  44|0x0000000742c00000, 0x0000000742d00000, 0x0000000742d00000|100%| O|  |TAMS 0x0000000742c00000, 0x0000000742c00000| Untracked 
|  45|0x0000000742d00000, 0x0000000742e00000, 0x0000000742e00000|100%| O|  |TAMS 0x0000000742d00000, 0x0000000742d00000| Untracked 
|  46|0x0000000742e00000, 0x0000000742f00000, 0x0000000742f00000|100%| O|  |TAMS 0x0000000742e00000, 0x0000000742e00000| Untracked 
|  47|0x0000000742f00000, 0x0000000743000000, 0x0000000743000000|100%| O|  |TAMS 0x0000000742f00000, 0x0000000742f00000| Untracked 
|  48|0x0000000743000000, 0x0000000743100000, 0x0000000743100000|100%| O|  |TAMS 0x0000000743000000, 0x0000000743000000| Untracked 
|  49|0x0000000743100000, 0x0000000743200000, 0x0000000743200000|100%| O|  |TAMS 0x0000000743100000, 0x0000000743100000| Untracked 
|  50|0x0000000743200000, 0x0000000743300000, 0x0000000743300000|100%| O|  |TAMS 0x0000000743200000, 0x0000000743200000| Untracked 
|  51|0x0000000743300000, 0x0000000743400000, 0x0000000743400000|100%| O|  |TAMS 0x0000000743300000, 0x0000000743300000| Untracked 
|  52|0x0000000743400000, 0x0000000743500000, 0x0000000743500000|100%| O|  |TAMS 0x0000000743400000, 0x0000000743400000| Untracked 
|  53|0x0000000743500000, 0x0000000743600000, 0x0000000743600000|100%| O|  |TAMS 0x0000000743500000, 0x0000000743500000| Untracked 
|  54|0x0000000743600000, 0x0000000743700000, 0x0000000743700000|100%| O|  |TAMS 0x0000000743600000, 0x0000000743600000| Untracked 
|  55|0x0000000743700000, 0x0000000743800000, 0x0000000743800000|100%| O|  |TAMS 0x0000000743700000, 0x0000000743700000| Untracked 
|  56|0x0000000743800000, 0x0000000743900000, 0x0000000743900000|100%| O|  |TAMS 0x0000000743800000, 0x0000000743800000| Untracked 
|  57|0x0000000743900000, 0x0000000743a00000, 0x0000000743a00000|100%| O|  |TAMS 0x0000000743900000, 0x0000000743900000| Untracked 
|  58|0x0000000743a00000, 0x0000000743b00000, 0x0000000743b00000|100%| O|  |TAMS 0x0000000743a00000, 0x0000000743a00000| Untracked 
|  59|0x0000000743b00000, 0x0000000743b60200, 0x0000000743c00000| 37%| O|  |TAMS 0x0000000743b00000, 0x0000000743b00000| Untracked 
|  60|0x0000000743c00000, 0x0000000743c00000, 0x0000000743d00000|  0%| F|  |TAMS 0x0000000743c00000, 0x0000000743c00000| Untracked 
|  61|0x0000000743d00000, 0x0000000743d00000, 0x0000000743e00000|  0%| F|  |TAMS 0x0000000743d00000, 0x0000000743d00000| Untracked 
|  62|0x0000000743e00000, 0x0000000743e00000, 0x0000000743f00000|  0%| F|  |TAMS 0x0000000743e00000, 0x0000000743e00000| Untracked 
|  63|0x0000000743f00000, 0x0000000743f00000, 0x0000000744000000|  0%| F|  |TAMS 0x0000000743f00000, 0x0000000743f00000| Untracked 
|  64|0x0000000744000000, 0x0000000744000000, 0x0000000744100000|  0%| F|  |TAMS 0x0000000744000000, 0x0000000744000000| Untracked 
|  65|0x0000000744100000, 0x0000000744100000, 0x0000000744200000|  0%| F|  |TAMS 0x0000000744100000, 0x0000000744100000| Untracked 
|  66|0x0000000744200000, 0x0000000744200000, 0x0000000744300000|  0%| F|  |TAMS 0x0000000744200000, 0x0000000744200000| Untracked 
|  67|0x0000000744300000, 0x0000000744300000, 0x0000000744400000|  0%| F|  |TAMS 0x0000000744300000, 0x0000000744300000| Untracked 
|  68|0x0000000744400000, 0x0000000744400000, 0x0000000744500000|  0%| F|  |TAMS 0x0000000744400000, 0x0000000744400000| Untracked 
|  69|0x0000000744500000, 0x0000000744500000, 0x0000000744600000|  0%| F|  |TAMS 0x0000000744500000, 0x0000000744500000| Untracked 
|  70|0x0000000744600000, 0x0000000744600000, 0x0000000744700000|  0%| F|  |TAMS 0x0000000744600000, 0x0000000744600000| Untracked 
|  71|0x0000000744700000, 0x0000000744700000, 0x0000000744800000|  0%| F|  |TAMS 0x0000000744700000, 0x0000000744700000| Untracked 
|  72|0x0000000744800000, 0x0000000744800000, 0x0000000744900000|  0%| F|  |TAMS 0x0000000744800000, 0x0000000744800000| Untracked 
|  73|0x0000000744900000, 0x0000000744900000, 0x0000000744a00000|  0%| F|  |TAMS 0x0000000744900000, 0x0000000744900000| Untracked 
|  74|0x0000000744a00000, 0x0000000744a00000, 0x0000000744b00000|  0%| F|  |TAMS 0x0000000744a00000, 0x0000000744a00000| Untracked 
|  75|0x0000000744b00000, 0x0000000744b00000, 0x0000000744c00000|  0%| F|  |TAMS 0x0000000744b00000, 0x0000000744b00000| Untracked 
|  76|0x0000000744c00000, 0x0000000744c00000, 0x0000000744d00000|  0%| F|  |TAMS 0x0000000744c00000, 0x0000000744c00000| Untracked 
|  77|0x0000000744d00000, 0x0000000744d00000, 0x0000000744e00000|  0%| F|  |TAMS 0x0000000744d00000, 0x0000000744d00000| Untracked 
|  78|0x0000000744e00000, 0x0000000744e00000, 0x0000000744f00000|  0%| F|  |TAMS 0x0000000744e00000, 0x0000000744e00000| Untracked 
|  79|0x0000000744f00000, 0x0000000744f00000, 0x0000000745000000|  0%| F|  |TAMS 0x0000000744f00000, 0x0000000744f00000| Untracked 
|  80|0x0000000745000000, 0x0000000745000000, 0x0000000745100000|  0%| F|  |TAMS 0x0000000745000000, 0x0000000745000000| Untracked 
|  81|0x0000000745100000, 0x0000000745100000, 0x0000000745200000|  0%| F|  |TAMS 0x0000000745100000, 0x0000000745100000| Untracked 
|  82|0x0000000745200000, 0x0000000745200000, 0x0000000745300000|  0%| F|  |TAMS 0x0000000745200000, 0x0000000745200000| Untracked 
|  83|0x0000000745300000, 0x0000000745300000, 0x0000000745400000|  0%| F|  |TAMS 0x0000000745300000, 0x0000000745300000| Untracked 
|  84|0x0000000745400000, 0x0000000745400000, 0x0000000745500000|  0%| F|  |TAMS 0x0000000745400000, 0x0000000745400000| Untracked 
|  85|0x0000000745500000, 0x0000000745500000, 0x0000000745600000|  0%| F|  |TAMS 0x0000000745500000, 0x0000000745500000| Untracked 
|  86|0x0000000745600000, 0x0000000745600000, 0x0000000745700000|  0%| F|  |TAMS 0x0000000745600000, 0x0000000745600000| Untracked 
|  87|0x0000000745700000, 0x0000000745700000, 0x0000000745800000|  0%| F|  |TAMS 0x0000000745700000, 0x0000000745700000| Untracked 
|  88|0x0000000745800000, 0x0000000745800000, 0x0000000745900000|  0%| F|  |TAMS 0x0000000745800000, 0x0000000745800000| Untracked 
|  89|0x0000000745900000, 0x0000000745900000, 0x0000000745a00000|  0%| F|  |TAMS 0x0000000745900000, 0x0000000745900000| Untracked 
|  90|0x0000000745a00000, 0x0000000745a00000, 0x0000000745b00000|  0%| F|  |TAMS 0x0000000745a00000, 0x0000000745a00000| Untracked 
|  91|0x0000000745b00000, 0x0000000745b00000, 0x0000000745c00000|  0%| F|  |TAMS 0x0000000745b00000, 0x0000000745b00000| Untracked 
|  92|0x0000000745c00000, 0x0000000745c00000, 0x0000000745d00000|  0%| F|  |TAMS 0x0000000745c00000, 0x0000000745c00000| Untracked 
|  93|0x0000000745d00000, 0x0000000745d00000, 0x0000000745e00000|  0%| F|  |TAMS 0x0000000745d00000, 0x0000000745d00000| Untracked 
|  94|0x0000000745e00000, 0x0000000745e00000, 0x0000000745f00000|  0%| F|  |TAMS 0x0000000745e00000, 0x0000000745e00000| Untracked 
|  95|0x0000000745f00000, 0x0000000745f00000, 0x0000000746000000|  0%| F|  |TAMS 0x0000000745f00000, 0x0000000745f00000| Untracked 
|  96|0x0000000746000000, 0x0000000746000000, 0x0000000746100000|  0%| F|  |TAMS 0x0000000746000000, 0x0000000746000000| Untracked 
|  97|0x0000000746100000, 0x0000000746100000, 0x0000000746200000|  0%| F|  |TAMS 0x0000000746100000, 0x0000000746100000| Untracked 
|  98|0x0000000746200000, 0x0000000746200000, 0x0000000746300000|  0%| F|  |TAMS 0x0000000746200000, 0x0000000746200000| Untracked 
|  99|0x0000000746300000, 0x0000000746300000, 0x0000000746400000|  0%| F|  |TAMS 0x0000000746300000, 0x0000000746300000| Untracked 
| 100|0x0000000746400000, 0x0000000746400000, 0x0000000746500000|  0%| F|  |TAMS 0x0000000746400000, 0x0000000746400000| Untracked 
| 101|0x0000000746500000, 0x0000000746500000, 0x0000000746600000|  0%| F|  |TAMS 0x0000000746500000, 0x0000000746500000| Untracked 
| 102|0x0000000746600000, 0x0000000746600000, 0x0000000746700000|  0%| F|  |TAMS 0x0000000746600000, 0x0000000746600000| Untracked 
| 103|0x0000000746700000, 0x0000000746700000, 0x0000000746800000|  0%| F|  |TAMS 0x0000000746700000, 0x0000000746700000| Untracked 
| 104|0x0000000746800000, 0x0000000746800000, 0x0000000746900000|  0%| F|  |TAMS 0x0000000746800000, 0x0000000746800000| Untracked 
| 105|0x0000000746900000, 0x0000000746900000, 0x0000000746a00000|  0%| F|  |TAMS 0x0000000746900000, 0x0000000746900000| Untracked 
| 106|0x0000000746a00000, 0x0000000746a00000, 0x0000000746b00000|  0%| F|  |TAMS 0x0000000746a00000, 0x0000000746a00000| Untracked 
| 107|0x0000000746b00000, 0x0000000746b00000, 0x0000000746c00000|  0%| F|  |TAMS 0x0000000746b00000, 0x0000000746b00000| Untracked 
| 108|0x0000000746c00000, 0x0000000746c00000, 0x0000000746d00000|  0%| F|  |TAMS 0x0000000746c00000, 0x0000000746c00000| Untracked 
| 109|0x0000000746d00000, 0x0000000746d00000, 0x0000000746e00000|  0%| F|  |TAMS 0x0000000746d00000, 0x0000000746d00000| Untracked 
| 110|0x0000000746e00000, 0x0000000746e00000, 0x0000000746f00000|  0%| F|  |TAMS 0x0000000746e00000, 0x0000000746e00000| Untracked 
| 111|0x0000000746f00000, 0x0000000746f00000, 0x0000000747000000|  0%| F|  |TAMS 0x0000000746f00000, 0x0000000746f00000| Untracked 
| 112|0x0000000747000000, 0x0000000747000000, 0x0000000747100000|  0%| F|  |TAMS 0x0000000747000000, 0x0000000747000000| Untracked 
| 113|0x0000000747100000, 0x0000000747100000, 0x0000000747200000|  0%| F|  |TAMS 0x0000000747100000, 0x0000000747100000| Untracked 
| 114|0x0000000747200000, 0x0000000747200000, 0x0000000747300000|  0%| F|  |TAMS 0x0000000747200000, 0x0000000747200000| Untracked 
| 115|0x0000000747300000, 0x0000000747300000, 0x0000000747400000|  0%| F|  |TAMS 0x0000000747300000, 0x0000000747300000| Untracked 
| 116|0x0000000747400000, 0x0000000747400000, 0x0000000747500000|  0%| F|  |TAMS 0x0000000747400000, 0x0000000747400000| Untracked 
| 117|0x0000000747500000, 0x0000000747500000, 0x0000000747600000|  0%| F|  |TAMS 0x0000000747500000, 0x0000000747500000| Untracked 
| 118|0x0000000747600000, 0x0000000747600000, 0x0000000747700000|  0%| F|  |TAMS 0x0000000747600000, 0x0000000747600000| Untracked 
| 119|0x0000000747700000, 0x0000000747700000, 0x0000000747800000|  0%| F|  |TAMS 0x0000000747700000, 0x0000000747700000| Untracked 
| 120|0x0000000747800000, 0x0000000747800000, 0x0000000747900000|  0%| F|  |TAMS 0x0000000747800000, 0x0000000747800000| Untracked 
| 121|0x0000000747900000, 0x0000000747900000, 0x0000000747a00000|  0%| F|  |TAMS 0x0000000747900000, 0x0000000747900000| Untracked 
| 122|0x0000000747a00000, 0x0000000747a00000, 0x0000000747b00000|  0%| F|  |TAMS 0x0000000747a00000, 0x0000000747a00000| Untracked 
| 123|0x0000000747b00000, 0x0000000747b00000, 0x0000000747c00000|  0%| F|  |TAMS 0x0000000747b00000, 0x0000000747b00000| Untracked 
| 124|0x0000000747c00000, 0x0000000747c00000, 0x0000000747d00000|  0%| F|  |TAMS 0x0000000747c00000, 0x0000000747c00000| Untracked 
| 125|0x0000000747d00000, 0x0000000747d00000, 0x0000000747e00000|  0%| F|  |TAMS 0x0000000747d00000, 0x0000000747d00000| Untracked 
| 126|0x0000000747e00000, 0x0000000747e00000, 0x0000000747f00000|  0%| F|  |TAMS 0x0000000747e00000, 0x0000000747e00000| Untracked 
| 127|0x0000000747f00000, 0x0000000747f00000, 0x0000000748000000|  0%| F|  |TAMS 0x0000000747f00000, 0x0000000747f00000| Untracked 
| 128|0x0000000748000000, 0x0000000748000000, 0x0000000748100000|  0%| F|  |TAMS 0x0000000748000000, 0x0000000748000000| Untracked 
| 129|0x0000000748100000, 0x0000000748100000, 0x0000000748200000|  0%| F|  |TAMS 0x0000000748100000, 0x0000000748100000| Untracked 
| 130|0x0000000748200000, 0x0000000748200000, 0x0000000748300000|  0%| F|  |TAMS 0x0000000748200000, 0x0000000748200000| Untracked 
| 131|0x0000000748300000, 0x0000000748300000, 0x0000000748400000|  0%| F|  |TAMS 0x0000000748300000, 0x0000000748300000| Untracked 
| 132|0x0000000748400000, 0x0000000748400000, 0x0000000748500000|  0%| F|  |TAMS 0x0000000748400000, 0x0000000748400000| Untracked 
| 133|0x0000000748500000, 0x0000000748500000, 0x0000000748600000|  0%| F|  |TAMS 0x0000000748500000, 0x0000000748500000| Untracked 
| 134|0x0000000748600000, 0x0000000748600000, 0x0000000748700000|  0%| F|  |TAMS 0x0000000748600000, 0x0000000748600000| Untracked 
| 135|0x0000000748700000, 0x0000000748700000, 0x0000000748800000|  0%| F|  |TAMS 0x0000000748700000, 0x0000000748700000| Untracked 
| 136|0x0000000748800000, 0x0000000748800000, 0x0000000748900000|  0%| F|  |TAMS 0x0000000748800000, 0x0000000748800000| Untracked 
| 137|0x0000000748900000, 0x0000000748900000, 0x0000000748a00000|  0%| F|  |TAMS 0x0000000748900000, 0x0000000748900000| Untracked 
| 138|0x0000000748a00000, 0x0000000748a00000, 0x0000000748b00000|  0%| F|  |TAMS 0x0000000748a00000, 0x0000000748a00000| Untracked 
| 139|0x0000000748b00000, 0x0000000748b00000, 0x0000000748c00000|  0%| F|  |TAMS 0x0000000748b00000, 0x0000000748b00000| Untracked 
| 140|0x0000000748c00000, 0x0000000748c00000, 0x0000000748d00000|  0%| F|  |TAMS 0x0000000748c00000, 0x0000000748c00000| Untracked 
| 141|0x0000000748d00000, 0x0000000748d00000, 0x0000000748e00000|  0%| F|  |TAMS 0x0000000748d00000, 0x0000000748d00000| Untracked 
| 142|0x0000000748e00000, 0x0000000748e00000, 0x0000000748f00000|  0%| F|  |TAMS 0x0000000748e00000, 0x0000000748e00000| Untracked 
| 143|0x0000000748f00000, 0x0000000748f00000, 0x0000000749000000|  0%| F|  |TAMS 0x0000000748f00000, 0x0000000748f00000| Untracked 
| 144|0x0000000749000000, 0x0000000749000000, 0x0000000749100000|  0%| F|  |TAMS 0x0000000749000000, 0x0000000749000000| Untracked 
| 145|0x0000000749100000, 0x0000000749100000, 0x0000000749200000|  0%| F|  |TAMS 0x0000000749100000, 0x0000000749100000| Untracked 
| 146|0x0000000749200000, 0x0000000749200000, 0x0000000749300000|  0%| F|  |TAMS 0x0000000749200000, 0x0000000749200000| Untracked 
| 147|0x0000000749300000, 0x0000000749300000, 0x0000000749400000|  0%| F|  |TAMS 0x0000000749300000, 0x0000000749300000| Untracked 
| 148|0x0000000749400000, 0x0000000749400000, 0x0000000749500000|  0%| F|  |TAMS 0x0000000749400000, 0x0000000749400000| Untracked 
| 149|0x0000000749500000, 0x0000000749500000, 0x0000000749600000|  0%| F|  |TAMS 0x0000000749500000, 0x0000000749500000| Untracked 
| 150|0x0000000749600000, 0x0000000749600000, 0x0000000749700000|  0%| F|  |TAMS 0x0000000749600000, 0x0000000749600000| Untracked 
| 151|0x0000000749700000, 0x0000000749700000, 0x0000000749800000|  0%| F|  |TAMS 0x0000000749700000, 0x0000000749700000| Untracked 
| 152|0x0000000749800000, 0x0000000749800000, 0x0000000749900000|  0%| F|  |TAMS 0x0000000749800000, 0x0000000749800000| Untracked 
| 153|0x0000000749900000, 0x0000000749900000, 0x0000000749a00000|  0%| F|  |TAMS 0x0000000749900000, 0x0000000749900000| Untracked 
| 154|0x0000000749a00000, 0x0000000749a00000, 0x0000000749b00000|  0%| F|  |TAMS 0x0000000749a00000, 0x0000000749a00000| Untracked 
| 155|0x0000000749b00000, 0x0000000749b00000, 0x0000000749c00000|  0%| F|  |TAMS 0x0000000749b00000, 0x0000000749b00000| Untracked 
| 156|0x0000000749c00000, 0x0000000749c00000, 0x0000000749d00000|  0%| F|  |TAMS 0x0000000749c00000, 0x0000000749c00000| Untracked 
| 157|0x0000000749d00000, 0x0000000749d00000, 0x0000000749e00000|  0%| F|  |TAMS 0x0000000749d00000, 0x0000000749d00000| Untracked 
| 158|0x0000000749e00000, 0x0000000749e00000, 0x0000000749f00000|  0%| F|  |TAMS 0x0000000749e00000, 0x0000000749e00000| Untracked 
| 159|0x0000000749f00000, 0x0000000749f00000, 0x000000074a000000|  0%| F|  |TAMS 0x0000000749f00000, 0x0000000749f00000| Untracked 
| 160|0x000000074a000000, 0x000000074a000000, 0x000000074a100000|  0%| F|  |TAMS 0x000000074a000000, 0x000000074a000000| Untracked 
| 161|0x000000074a100000, 0x000000074a100000, 0x000000074a200000|  0%| F|  |TAMS 0x000000074a100000, 0x000000074a100000| Untracked 
| 162|0x000000074a200000, 0x000000074a200000, 0x000000074a300000|  0%| F|  |TAMS 0x000000074a200000, 0x000000074a200000| Untracked 
| 163|0x000000074a300000, 0x000000074a300000, 0x000000074a400000|  0%| F|  |TAMS 0x000000074a300000, 0x000000074a300000| Untracked 
| 164|0x000000074a400000, 0x000000074a400000, 0x000000074a500000|  0%| F|  |TAMS 0x000000074a400000, 0x000000074a400000| Untracked 
| 165|0x000000074a500000, 0x000000074a500000, 0x000000074a600000|  0%| F|  |TAMS 0x000000074a500000, 0x000000074a500000| Untracked 
| 166|0x000000074a600000, 0x000000074a600000, 0x000000074a700000|  0%| F|  |TAMS 0x000000074a600000, 0x000000074a600000| Untracked 
| 167|0x000000074a700000, 0x000000074a700000, 0x000000074a800000|  0%| F|  |TAMS 0x000000074a700000, 0x000000074a700000| Untracked 
| 168|0x000000074a800000, 0x000000074a800000, 0x000000074a900000|  0%| F|  |TAMS 0x000000074a800000, 0x000000074a800000| Untracked 
| 169|0x000000074a900000, 0x000000074a900000, 0x000000074aa00000|  0%| F|  |TAMS 0x000000074a900000, 0x000000074a900000| Untracked 
| 170|0x000000074aa00000, 0x000000074aa00000, 0x000000074ab00000|  0%| F|  |TAMS 0x000000074aa00000, 0x000000074aa00000| Untracked 
| 171|0x000000074ab00000, 0x000000074ab00000, 0x000000074ac00000|  0%| F|  |TAMS 0x000000074ab00000, 0x000000074ab00000| Untracked 
| 172|0x000000074ac00000, 0x000000074ac00000, 0x000000074ad00000|  0%| F|  |TAMS 0x000000074ac00000, 0x000000074ac00000| Untracked 
| 173|0x000000074ad00000, 0x000000074ad00000, 0x000000074ae00000|  0%| F|  |TAMS 0x000000074ad00000, 0x000000074ad00000| Untracked 
| 174|0x000000074ae00000, 0x000000074ae00000, 0x000000074af00000|  0%| F|  |TAMS 0x000000074ae00000, 0x000000074ae00000| Untracked 
| 175|0x000000074af00000, 0x000000074af00000, 0x000000074b000000|  0%| F|  |TAMS 0x000000074af00000, 0x000000074af00000| Untracked 
| 176|0x000000074b000000, 0x000000074b000000, 0x000000074b100000|  0%| F|  |TAMS 0x000000074b000000, 0x000000074b000000| Untracked 
| 177|0x000000074b100000, 0x000000074b100000, 0x000000074b200000|  0%| F|  |TAMS 0x000000074b100000, 0x000000074b100000| Untracked 
| 178|0x000000074b200000, 0x000000074b200000, 0x000000074b300000|  0%| F|  |TAMS 0x000000074b200000, 0x000000074b200000| Untracked 
| 179|0x000000074b300000, 0x000000074b300000, 0x000000074b400000|  0%| F|  |TAMS 0x000000074b300000, 0x000000074b300000| Untracked 
| 180|0x000000074b400000, 0x000000074b400000, 0x000000074b500000|  0%| F|  |TAMS 0x000000074b400000, 0x000000074b400000| Untracked 
| 181|0x000000074b500000, 0x000000074b500000, 0x000000074b600000|  0%| F|  |TAMS 0x000000074b500000, 0x000000074b500000| Untracked 
| 182|0x000000074b600000, 0x000000074b600000, 0x000000074b700000|  0%| F|  |TAMS 0x000000074b600000, 0x000000074b600000| Untracked 
| 183|0x000000074b700000, 0x000000074b700000, 0x000000074b800000|  0%| F|  |TAMS 0x000000074b700000, 0x000000074b700000| Untracked 
| 184|0x000000074b800000, 0x000000074b800000, 0x000000074b900000|  0%| F|  |TAMS 0x000000074b800000, 0x000000074b800000| Untracked 
| 185|0x000000074b900000, 0x000000074b900000, 0x000000074ba00000|  0%| F|  |TAMS 0x000000074b900000, 0x000000074b900000| Untracked 
| 186|0x000000074ba00000, 0x000000074ba00000, 0x000000074bb00000|  0%| F|  |TAMS 0x000000074ba00000, 0x000000074ba00000| Untracked 
| 187|0x000000074bb00000, 0x000000074bb00000, 0x000000074bc00000|  0%| F|  |TAMS 0x000000074bb00000, 0x000000074bb00000| Untracked 
| 188|0x000000074bc00000, 0x000000074bc00000, 0x000000074bd00000|  0%| F|  |TAMS 0x000000074bc00000, 0x000000074bc00000| Untracked 
| 189|0x000000074bd00000, 0x000000074bd00000, 0x000000074be00000|  0%| F|  |TAMS 0x000000074bd00000, 0x000000074bd00000| Untracked 
| 190|0x000000074be00000, 0x000000074be00000, 0x000000074bf00000|  0%| F|  |TAMS 0x000000074be00000, 0x000000074be00000| Untracked 
| 191|0x000000074bf00000, 0x000000074bf00000, 0x000000074c000000|  0%| F|  |TAMS 0x000000074bf00000, 0x000000074bf00000| Untracked 
| 192|0x000000074c000000, 0x000000074c000000, 0x000000074c100000|  0%| F|  |TAMS 0x000000074c000000, 0x000000074c000000| Untracked 
| 193|0x000000074c100000, 0x000000074c100000, 0x000000074c200000|  0%| F|  |TAMS 0x000000074c100000, 0x000000074c100000| Untracked 
| 194|0x000000074c200000, 0x000000074c200000, 0x000000074c300000|  0%| F|  |TAMS 0x000000074c200000, 0x000000074c200000| Untracked 
| 195|0x000000074c300000, 0x000000074c300000, 0x000000074c400000|  0%| F|  |TAMS 0x000000074c300000, 0x000000074c300000| Untracked 
| 196|0x000000074c400000, 0x000000074c400000, 0x000000074c500000|  0%| F|  |TAMS 0x000000074c400000, 0x000000074c400000| Untracked 
| 197|0x000000074c500000, 0x000000074c500000, 0x000000074c600000|  0%| F|  |TAMS 0x000000074c500000, 0x000000074c500000| Untracked 
| 198|0x000000074c600000, 0x000000074c600000, 0x000000074c700000|  0%| F|  |TAMS 0x000000074c600000, 0x000000074c600000| Untracked 
| 199|0x000000074c700000, 0x000000074c700000, 0x000000074c800000|  0%| F|  |TAMS 0x000000074c700000, 0x000000074c700000| Untracked 
| 200|0x000000074c800000, 0x000000074c800000, 0x000000074c900000|  0%| F|  |TAMS 0x000000074c800000, 0x000000074c800000| Untracked 
| 201|0x000000074c900000, 0x000000074c900000, 0x000000074ca00000|  0%| F|  |TAMS 0x000000074c900000, 0x000000074c900000| Untracked 
| 202|0x000000074ca00000, 0x000000074ca00000, 0x000000074cb00000|  0%| F|  |TAMS 0x000000074ca00000, 0x000000074ca00000| Untracked 
| 203|0x000000074cb00000, 0x000000074cb00000, 0x000000074cc00000|  0%| F|  |TAMS 0x000000074cb00000, 0x000000074cb00000| Untracked 
| 204|0x000000074cc00000, 0x000000074cc00000, 0x000000074cd00000|  0%| F|  |TAMS 0x000000074cc00000, 0x000000074cc00000| Untracked 
| 205|0x000000074cd00000, 0x000000074cd00000, 0x000000074ce00000|  0%| F|  |TAMS 0x000000074cd00000, 0x000000074cd00000| Untracked 
| 206|0x000000074ce00000, 0x000000074ce00000, 0x000000074cf00000|  0%| F|  |TAMS 0x000000074ce00000, 0x000000074ce00000| Untracked 
| 207|0x000000074cf00000, 0x000000074cf00000, 0x000000074d000000|  0%| F|  |TAMS 0x000000074cf00000, 0x000000074cf00000| Untracked 
| 208|0x000000074d000000, 0x000000074d000000, 0x000000074d100000|  0%| F|  |TAMS 0x000000074d000000, 0x000000074d000000| Untracked 
| 209|0x000000074d100000, 0x000000074d100000, 0x000000074d200000|  0%| F|  |TAMS 0x000000074d100000, 0x000000074d100000| Untracked 
| 210|0x000000074d200000, 0x000000074d200000, 0x000000074d300000|  0%| F|  |TAMS 0x000000074d200000, 0x000000074d200000| Untracked 
| 211|0x000000074d300000, 0x000000074d300000, 0x000000074d400000|  0%| F|  |TAMS 0x000000074d300000, 0x000000074d300000| Untracked 
| 212|0x000000074d400000, 0x000000074d400000, 0x000000074d500000|  0%| F|  |TAMS 0x000000074d400000, 0x000000074d400000| Untracked 
| 213|0x000000074d500000, 0x000000074d500000, 0x000000074d600000|  0%| F|  |TAMS 0x000000074d500000, 0x000000074d500000| Untracked 
| 214|0x000000074d600000, 0x000000074d600000, 0x000000074d700000|  0%| F|  |TAMS 0x000000074d600000, 0x000000074d600000| Untracked 
| 215|0x000000074d700000, 0x000000074d700000, 0x000000074d800000|  0%| F|  |TAMS 0x000000074d700000, 0x000000074d700000| Untracked 
| 216|0x000000074d800000, 0x000000074d800000, 0x000000074d900000|  0%| F|  |TAMS 0x000000074d800000, 0x000000074d800000| Untracked 
| 217|0x000000074d900000, 0x000000074d900000, 0x000000074da00000|  0%| F|  |TAMS 0x000000074d900000, 0x000000074d900000| Untracked 
| 218|0x000000074da00000, 0x000000074da00000, 0x000000074db00000|  0%| F|  |TAMS 0x000000074da00000, 0x000000074da00000| Untracked 
| 219|0x000000074db00000, 0x000000074db00000, 0x000000074dc00000|  0%| F|  |TAMS 0x000000074db00000, 0x000000074db00000| Untracked 
| 220|0x000000074dc00000, 0x000000074dc00000, 0x000000074dd00000|  0%| F|  |TAMS 0x000000074dc00000, 0x000000074dc00000| Untracked 
| 221|0x000000074dd00000, 0x000000074dd00000, 0x000000074de00000|  0%| F|  |TAMS 0x000000074dd00000, 0x000000074dd00000| Untracked 
| 222|0x000000074de00000, 0x000000074de00000, 0x000000074df00000|  0%| F|  |TAMS 0x000000074de00000, 0x000000074de00000| Untracked 
| 223|0x000000074df00000, 0x000000074df00000, 0x000000074e000000|  0%| F|  |TAMS 0x000000074df00000, 0x000000074df00000| Untracked 
| 224|0x000000074e000000, 0x000000074e000000, 0x000000074e100000|  0%| F|  |TAMS 0x000000074e000000, 0x000000074e000000| Untracked 
| 225|0x000000074e100000, 0x000000074e100000, 0x000000074e200000|  0%| F|  |TAMS 0x000000074e100000, 0x000000074e100000| Untracked 
| 226|0x000000074e200000, 0x000000074e200000, 0x000000074e300000|  0%| F|  |TAMS 0x000000074e200000, 0x000000074e200000| Untracked 
| 227|0x000000074e300000, 0x000000074e300000, 0x000000074e400000|  0%| F|  |TAMS 0x000000074e300000, 0x000000074e300000| Untracked 
| 228|0x000000074e400000, 0x000000074e400000, 0x000000074e500000|  0%| F|  |TAMS 0x000000074e400000, 0x000000074e400000| Untracked 
| 229|0x000000074e500000, 0x000000074e500000, 0x000000074e600000|  0%| F|  |TAMS 0x000000074e500000, 0x000000074e500000| Untracked 
| 230|0x000000074e600000, 0x000000074e66ba78, 0x000000074e700000| 42%| S|CS|TAMS 0x000000074e600000, 0x000000074e600000| Complete 
| 231|0x000000074e700000, 0x000000074e800000, 0x000000074e800000|100%| S|CS|TAMS 0x000000074e700000, 0x000000074e700000| Complete 
| 232|0x000000074e800000, 0x000000074e800000, 0x000000074e900000|  0%| F|  |TAMS 0x000000074e800000, 0x000000074e800000| Untracked 

Card table byte_map: [0x00007fbdaf1fe000,0x00007fbdaf7fe000] _byte_map_base: 0x00007fbdab7fe000

Marking Bits (Prev, Next): (CMBitMap*) 0x00007fbdcc064fa0, (CMBitMap*) 0x00007fbdcc064f68
 Prev Bits: [0x00007fbda8bfe000, 0x00007fbdabbfe000)
 Next Bits: [0x00007fbdabbfe000, 0x00007fbdaebfe000)

Polling page: 0x00007fbdd3a57000

Metaspace:

Usage:
  Non-class:     44.65 MB capacity,    43.58 MB ( 98%) used,   967.33 KB (  2%) free+waste,   124.44 KB ( <1%) overhead. 
      Class:      7.17 MB capacity,     6.65 MB ( 93%) used,   469.41 KB (  6%) free+waste,    59.12 KB ( <1%) overhead. 
       Both:     51.82 MB capacity,    50.24 MB ( 97%) used,     1.40 MB (  3%) free+waste,   183.56 KB ( <1%) overhead. 

Virtual space:
  Non-class space:       46.00 MB reserved,      44.92 MB ( 98%) committed 
      Class space:        1.00 GB reserved,       7.25 MB ( <1%) committed 
             Both:        1.04 GB reserved,      52.17 MB (  5%) committed 

Chunk freelists:
   Non-Class:  14.25 KB
       Class:  2.12 KB
        Both:  16.38 KB

CodeHeap 'non-profiled nmethods': size=120032Kb used=5455Kb max_used=5455Kb free=114576Kb
 bounds [0x00007fbdbc042000, 0x00007fbdbc5a2000, 0x00007fbdc357a000]
CodeHeap 'profiled nmethods': size=120032Kb used=21183Kb max_used=21183Kb free=98848Kb
 bounds [0x00007fbdb4b0a000, 0x00007fbdb5fca000, 0x00007fbdbc042000]
CodeHeap 'non-nmethods': size=5696Kb used=2229Kb max_used=2279Kb free=3466Kb
 bounds [0x00007fbdb457a000, 0x00007fbdb47ea000, 0x00007fbdb4b0a000]
 total_blobs=12143 nmethods=8815 adapters=716
 compilation: enabled
              stopped_count=0, restarted_count=0
 full_count=0

Compilation events (10 events):
Event: 240.372 Thread 0x00007fbdcc129000 nmethod 9440 0x00007fbdb5fbb790 code [0x00007fbdb5fbbaa0, 0x00007fbdb5fbcf78]
Event: 240.762 Thread 0x00007fbdcc129000 9451       3       org.gradle.api.internal.ThreadGlobalInstantiator::getOrCreate (28 bytes)
Event: 241.074 Thread 0x00007fbd78122800 nmethod 9439 0x00007fbdbc596290 code [0x00007fbdbc596420, 0x00007fbdbc5964f8]
Event: 241.269 Thread 0x00007fbd78122800 9443       4       java.lang.StringBuilder::append (9 bytes)
Event: 241.697 Thread 0x00007fbdcc129000 nmethod 9451 0x00007fbdb5fbd610 code [0x00007fbdb5fbd860, 0x00007fbdb5fbe328]
Event: 242.030 Thread 0x00007fbdcc129000 9452       3       org.gradle.api.internal.ThreadGlobalInstantiator::get (27 bytes)
Event: 242.674 Thread 0x00007fbdcc129000 nmethod 9452 0x00007fbdb5fbe590 code [0x00007fbdb5fbe7a0, 0x00007fbdb5fbee48]
Event: 243.037 Thread 0x00007fbdcc129000 9459       3       org.gradle.internal.component.model.DefaultIvyArtifactName::toString (91 bytes)
Event: 247.166 Thread 0x00007fbdcc129000 nmethod 9459 0x00007fbdb5fbef90 code [0x00007fbdb5fbf260, 0x00007fbdb5fbfe18]
Event: 247.430 Thread 0x00007fbdcc129000 9465       3       java.nio.MappedByteBuffer::flip (5 bytes)

GC Heap History (10 events):
Event: 69.591 GC heap after
{Heap after GC invocations=14 (full 0):
 garbage-first heap   total 238592K, used 51712K [0x0000000740000000, 0x0000000800000000)
  region size 1024K, 7 young (7168K), 7 survivors (7168K)
 Metaspace       used 50846K, capacity 52534K, committed 52912K, reserved 1095680K
  class space    used 6811K, capacity 7340K, committed 7424K, reserved 1048576K
}
Event: 169.343 GC heap before
{Heap before GC invocations=14 (full 0):
 garbage-first heap   total 238592K, used 166400K [0x0000000740000000, 0x0000000800000000)
  region size 1024K, 119 young (121856K), 7 survivors (7168K)
 Metaspace       used 51047K, capacity 52677K, committed 52912K, reserved 1095680K
  class space    used 6812K, capacity 7342K, committed 7424K, reserved 1048576K
}
Event: 169.399 GC heap after
{Heap after GC invocations=15 (full 0):
 garbage-first heap   total 238592K, used 54784K [0x0000000740000000, 0x0000000800000000)
  region size 1024K, 10 young (10240K), 10 survivors (10240K)
 Metaspace       used 51047K, capacity 52677K, committed 52912K, reserved 1095680K
  class space    used 6812K, capacity 7342K, committed 7424K, reserved 1048576K
}
Event: 172.586 GC heap before
{Heap before GC invocations=15 (full 0):
 garbage-first heap   total 238592K, used 173568K [0x0000000740000000, 0x0000000800000000)
  region size 1024K, 126 young (129024K), 10 survivors (10240K)
 Metaspace       used 51300K, capacity 52937K, committed 53168K, reserved 1095680K
  class space    used 6814K, capacity 7343K, committed 7424K, reserved 1048576K
}
Event: 173.017 GC heap after
{Heap after GC invocations=16 (full 0):
 garbage-first heap   total 238592K, used 57112K [0x0000000740000000, 0x0000000800000000)
  region size 1024K, 9 young (9216K), 9 survivors (9216K)
 Metaspace       used 51300K, capacity 52937K, committed 53168K, reserved 1095680K
  class space    used 6814K, capacity 7343K, committed 7424K, reserved 1048576K
}
Event: 191.195 GC heap before
{Heap before GC invocations=16 (full 0):
 garbage-first heap   total 238592K, used 129816K [0x0000000740000000, 0x0000000800000000)
  region size 1024K, 80 young (81920K), 9 survivors (9216K)
 Metaspace       used 51396K, capacity 53001K, committed 53424K, reserved 1095680K
  class space    used 6814K, capacity 7343K, committed 7424K, reserved 1048576K
}
Event: 191.259 GC heap after
{Heap after GC invocations=17 (full 0):
 garbage-first heap   total 238592K, used 58433K [0x0000000740000000, 0x0000000800000000)
  region size 1024K, 7 young (7168K), 7 survivors (7168K)
 Metaspace       used 51396K, capacity 53001K, committed 53424K, reserved 1095680K
  class space    used 6814K, capacity 7343K, committed 7424K, reserved 1048576K
}
Event: 244.176 GC heap before
{Heap before GC invocations=17 (full 0):
 garbage-first heap   total 238592K, used 181313K [0x0000000740000000, 0x0000000800000000)
  region size 1024K, 127 young (130048K), 7 survivors (7168K)
 Metaspace       used 51444K, capacity 53065K, committed 53424K, reserved 1095680K
  class space    used 6814K, capacity 7343K, committed 7424K, reserved 1048576K
}
Event: 245.099 GC heap after
{Heap after GC invocations=18 (full 0):
 garbage-first heap   total 238592K, used 61401K [0x0000000740000000, 0x0000000800000000)
  region size 1024K, 10 young (10240K), 10 survivors (10240K)
 Metaspace       used 51444K, capacity 53065K, committed 53424K, reserved 1095680K
  class space    used 6814K, capacity 7343K, committed 7424K, reserved 1048576K
}
Event: 249.479 GC heap before
{Heap before GC invocations=18 (full 0):
 garbage-first heap   total 238592K, used 62425K [0x0000000740000000, 0x0000000800000000)
  region size 1024K, 11 young (11264K), 10 survivors (10240K)
 Metaspace       used 51444K, capacity 53065K, committed 53424K, reserved 1095680K
  class space    used 6814K, capacity 7343K, committed 7424K, reserved 1048576K
}

Deoptimization events (10 events):
Event: 176.401 Thread 0x00007fbd506db800 Uncommon trap: reason=array_check action=maybe_recompile pc=0x00007fbdbc536164 method=java.util.AbstractCollection.toArray([Ljava/lang/Object;)[Ljava/lang/Object; @ 116 c2
Event: 176.909 Thread 0x00007fbd506db800 Uncommon trap: reason=unstable_if action=reinterpret pc=0x00007fbdbc4940ac method=io.spring.gradle.dependencymanagement.org.codehaus.plexus.interpolation.StringSearchInterpolator.interpolate(Ljava/lang/String;Lio/spring/gradle/dependencymanagement/org/cod
Event: 191.295 Thread 0x00007fbd506db800 Uncommon trap: reason=intrinsic_or_type_checked_inlining action=make_not_entrant pc=0x00007fbdbc56ac38 method=java.util.ArrayList.toArray([Ljava/lang/Object;)[Ljava/lang/Object; @ 36 c2
Event: 208.523 Thread 0x00007fbd506db800 Uncommon trap: reason=profile_predicate action=maybe_recompile pc=0x00007fbdbc5807e4 method=io.spring.gradle.dependencymanagement.org.apache.maven.model.interpolation.StringSearchModelInterpolator$InterpolateObjectAction.interpolateMapField(Ljava/lang/Obj
Event: 208.532 Thread 0x00007fbd506db800 Uncommon trap: reason=profile_predicate action=maybe_recompile pc=0x00007fbdbc5807e4 method=io.spring.gradle.dependencymanagement.org.apache.maven.model.interpolation.StringSearchModelInterpolator$InterpolateObjectAction.interpolateMapField(Ljava/lang/Obj
Event: 210.999 Thread 0x00007fbd506db800 Uncommon trap: reason=profile_predicate action=maybe_recompile pc=0x00007fbdbc5807e4 method=io.spring.gradle.dependencymanagement.org.apache.maven.model.interpolation.StringSearchModelInterpolator$InterpolateObjectAction.interpolateMapField(Ljava/lang/Obj
Event: 211.067 Thread 0x00007fbd506db800 Uncommon trap: reason=profile_predicate action=maybe_recompile pc=0x00007fbdbc5807e4 method=io.spring.gradle.dependencymanagement.org.apache.maven.model.interpolation.StringSearchModelInterpolator$InterpolateObjectAction.interpolateMapField(Ljava/lang/Obj
Event: 213.612 Thread 0x00007fbd506db800 Uncommon trap: reason=unstable_if action=reinterpret pc=0x00007fbdbc43a1d0 method=java.lang.String.trim()Ljava/lang/String; @ 4 c2
Event: 214.655 Thread 0x00007fbd506db800 Uncommon trap: reason=unstable_if action=reinterpret pc=0x00007fbdbc43c810 method=java.lang.String.indexOf(Ljava/lang/String;)I @ 8 c2
Event: 215.873 Thread 0x00007fbd506db800 Uncommon trap: reason=unstable_if action=reinterpret pc=0x00007fbdbc4fc99c method=io.spring.gradle.dependencymanagement.org.codehaus.plexus.util.xml.pull.MXParser.parseAttribute()C @ 992 c2

Classes redefined (0 events):
No events

Internal exceptions (10 events):
Event: 201.091 Thread 0x00007fbd502b0800 Exception <a 'java/io/IOException'{0x000000074cf82988}> (0x000000074cf82988) thrown at [/build/openjdk-lts-aMvVsb/openjdk-lts-11.0.2+9/src/hotspot/share/prims/jni.cpp, line 615]
Event: 206.154 Thread 0x00007fbd502b0800 Exception <a 'java/io/IOException'{0x000000074c384968}> (0x000000074c384968) thrown at [/build/openjdk-lts-aMvVsb/openjdk-lts-11.0.2+9/src/hotspot/share/prims/jni.cpp, line 615]
Event: 211.084 Thread 0x00007fbd502b0800 Exception <a 'java/io/IOException'{0x000000074c103048}> (0x000000074c103048) thrown at [/build/openjdk-lts-aMvVsb/openjdk-lts-11.0.2+9/src/hotspot/share/prims/jni.cpp, line 615]
Event: 216.017 Thread 0x00007fbd502b0800 Exception <a 'java/io/IOException'{0x000000074b689768}> (0x000000074b689768) thrown at [/build/openjdk-lts-aMvVsb/openjdk-lts-11.0.2+9/src/hotspot/share/prims/jni.cpp, line 615]
Event: 221.057 Thread 0x00007fbd502b0800 Exception <a 'java/io/IOException'{0x0000000749382fc8}> (0x0000000749382fc8) thrown at [/build/openjdk-lts-aMvVsb/openjdk-lts-11.0.2+9/src/hotspot/share/prims/jni.cpp, line 615]
Event: 226.042 Thread 0x00007fbd502b0800 Exception <a 'java/io/IOException'{0x00000007480001d0}> (0x00000007480001d0) thrown at [/build/openjdk-lts-aMvVsb/openjdk-lts-11.0.2+9/src/hotspot/share/prims/jni.cpp, line 615]
Event: 231.222 Thread 0x00007fbd502b0800 Exception <a 'java/io/IOException'{0x00000007471002b8}> (0x00000007471002b8) thrown at [/build/openjdk-lts-aMvVsb/openjdk-lts-11.0.2+9/src/hotspot/share/prims/jni.cpp, line 615]
Event: 236.365 Thread 0x00007fbd502b0800 Exception <a 'java/io/IOException'{0x000000074718a0d0}> (0x000000074718a0d0) thrown at [/build/openjdk-lts-aMvVsb/openjdk-lts-11.0.2+9/src/hotspot/share/prims/jni.cpp, line 615]
Event: 241.394 Thread 0x00007fbd502b0800 Exception <a 'java/io/IOException'{0x0000000746b003b0}> (0x0000000746b003b0) thrown at [/build/openjdk-lts-aMvVsb/openjdk-lts-11.0.2+9/src/hotspot/share/prims/jni.cpp, line 615]
Event: 246.364 Thread 0x00007fbd502b0800 Exception <a 'java/io/IOException'{0x000000074e86c408}> (0x000000074e86c408) thrown at [/build/openjdk-lts-aMvVsb/openjdk-lts-11.0.2+9/src/hotspot/share/prims/jni.cpp, line 615]

Events (10 events):
Event: 214.761 Thread 0x00007fbd506db800 DEOPT UNPACKING pc=0x00007fbdb45a2aa5 sp=0x00007fbd6cad04a8 mode 2
Event: 215.848 Thread 0x00007fbd506db800 Uncommon trap: trap_request=0xffffff4d fr.pc=0x00007fbdbc4fc99c relative=0x00000000000021bc
Event: 215.877 Thread 0x00007fbd506db800 DEOPT PACKING pc=0x00007fbdbc4fc99c sp=0x00007fbd6cad1490
Event: 215.889 Thread 0x00007fbd506db800 DEOPT UNPACKING pc=0x00007fbdb45a2aa5 sp=0x00007fbd6cad1418 mode 2
Event: 216.849 Thread 0x00007fbd84fc5000 Thread added: 0x00007fbd84fc5000
Event: 228.677 Thread 0x00007fbd84fc5000 Thread exited: 0x00007fbd84fc5000
Event: 239.572 Thread 0x00007fbd78122800 Thread added: 0x00007fbd78122800
Event: 244.111 Executing VM operation: G1CollectForAllocation
Event: 245.224 Executing VM operation: G1CollectForAllocation done
Event: 249.197 Executing VM operation: G1CollectForAllocation


Dynamic libraries:
740000000-74e900000 rw-p 00000000 00:00 0 
751800000-800000000 ---p 00000000 00:00 0 
800000000-800002000 rwxp 00001000 08:02 656604                           /usr/lib/jvm/java-11-openjdk-amd64/lib/server/classes.jsa
800002000-8003be000 rw-p 00003000 08:02 656604                           /usr/lib/jvm/java-11-openjdk-amd64/lib/server/classes.jsa
8003be000-800a9a000 r--p 003bf000 08:02 656604                           /usr/lib/jvm/java-11-openjdk-amd64/lib/server/classes.jsa
800a9a000-800a9b000 rw-p 00a9b000 08:02 656604                           /usr/lib/jvm/java-11-openjdk-amd64/lib/server/classes.jsa
800a9b000-8010b0000 r--p 00a9c000 08:02 656604                           /usr/lib/jvm/java-11-openjdk-amd64/lib/server/classes.jsa
840000000-840740000 rw-p 00000000 00:00 0 
840740000-880000000 ---p 00000000 00:00 0 
557240515000-557240516000 r-xp 00000000 08:02 660941                     /usr/lib/jvm/java-11-openjdk-amd64/bin/java
557240716000-557240717000 r--p 00001000 08:02 660941                     /usr/lib/jvm/java-11-openjdk-amd64/bin/java
557240717000-557240718000 rw-p 00002000 08:02 660941                     /usr/lib/jvm/java-11-openjdk-amd64/bin/java
557240885000-557240d69000 rw-p 00000000 00:00 0                          [heap]
7fbd2a889000-7fbd2a989000 rw-p 00000000 00:00 0 
7fbd2a989000-7fbd2aa89000 ---p 00000000 00:00 0 
7fbd2aa89000-7fbd2ac89000 rw-p 00000000 00:00 0 
7fbd2ac89000-7fbd2ae89000 rw-p 00000000 00:00 0 
7fbd2ae89000-7fbd2b089000 rw-p 00000000 00:00 0 
7fbd2b089000-7fbd2b289000 rw-p 00000000 00:00 0 
7fbd2b289000-7fbd2b489000 rw-p 00000000 00:00 0 
7fbd2b489000-7fbd2b48d000 ---p 00000000 00:00 0 
7fbd2b48d000-7fbd2b58a000 rw-p 00000000 00:00 0 
7fbd2b58a000-7fbd2b58e000 ---p 00000000 00:00 0 
7fbd2b58e000-7fbd2b68b000 rw-p 00000000 00:00 0 
7fbd2b68b000-7fbd2b68f000 ---p 00000000 00:00 0 
7fbd2b68f000-7fbd2b78c000 rw-p 00000000 00:00 0 
7fbd2b78c000-7fbd2b790000 ---p 00000000 00:00 0 
7fbd2b790000-7fbd2b88d000 rw-p 00000000 00:00 0 
7fbd2b88d000-7fbd2b891000 ---p 00000000 00:00 0 
7fbd2b891000-7fbd2bb8e000 rw-p 00000000 00:00 0 
7fbd2bbfe000-7fbd2bc02000 ---p 00000000 00:00 0 
7fbd2bc02000-7fbd2bcff000 rw-p 00000000 00:00 0 
7fbd2bcff000-7fbd2bd03000 ---p 00000000 00:00 0 
7fbd2bd03000-7fbd2c000000 rw-p 00000000 00:00 0 
7fbd2c000000-7fbd2c021000 rw-p 00000000 00:00 0 
7fbd2c021000-7fbd30000000 ---p 00000000 00:00 0 
7fbd30000000-7fbd3127b000 rw-p 00000000 00:00 0 
7fbd3127b000-7fbd34000000 ---p 00000000 00:00 0 
7fbd34000000-7fbd34021000 rw-p 00000000 00:00 0 
7fbd34021000-7fbd38000000 ---p 00000000 00:00 0 
7fbd38000000-7fbd38021000 rw-p 00000000 00:00 0 
7fbd38021000-7fbd3c000000 ---p 00000000 00:00 0 
7fbd3c000000-7fbd3c021000 rw-p 00000000 00:00 0 
7fbd3c021000-7fbd40000000 ---p 00000000 00:00 0 
7fbd40000000-7fbd40948000 rw-p 00000000 00:00 0 
7fbd40948000-7fbd44000000 ---p 00000000 00:00 0 
7fbd44000000-7fbd45774000 rw-p 00000000 00:00 0 
7fbd45774000-7fbd48000000 ---p 00000000 00:00 0 
7fbd48000000-7fbd48138000 rw-p 00000000 00:00 0 
7fbd48138000-7fbd4c000000 ---p 00000000 00:00 0 
7fbd4c000000-7fbd4c376000 rw-p 00000000 00:00 0 
7fbd4c376000-7fbd50000000 ---p 00000000 00:00 0 
7fbd50000000-7fbd50d47000 rw-p 00000000 00:00 0 
7fbd50d47000-7fbd54000000 ---p 00000000 00:00 0 
7fbd54000000-7fbd543e8000 rw-p 00000000 00:00 0 
7fbd543e8000-7fbd58000000 ---p 00000000 00:00 0 
7fbd58000000-7fbd58025000 rw-p 00000000 00:00 0 
7fbd58025000-7fbd5c000000 ---p 00000000 00:00 0 
7fbd5c000000-7fbd5d4c7000 rw-p 00000000 00:00 0 
7fbd5d4c7000-7fbd60000000 ---p 00000000 00:00 0 
7fbd60000000-7fbd6090e000 rw-p 00000000 00:00 0 
7fbd6090e000-7fbd64000000 ---p 00000000 00:00 0 
7fbd64000000-7fbd6536d000 rw-p 00000000 00:00 0 
7fbd6536d000-7fbd68000000 ---p 00000000 00:00 0 
7fbd68000000-7fbd6825f000 rw-p 00000000 00:00 0 
7fbd6825f000-7fbd6c000000 ---p 00000000 00:00 0 
7fbd6c0cc000-7fbd6c0d0000 ---p 00000000 00:00 0 
7fbd6c0d0000-7fbd6c1cd000 rw-p 00000000 00:00 0 
7fbd6c1cd000-7fbd6c1d1000 ---p 00000000 00:00 0 
7fbd6c1d1000-7fbd6c2ce000 rw-p 00000000 00:00 0 
7fbd6c2ce000-7fbd6c2d2000 ---p 00000000 00:00 0 
7fbd6c2d2000-7fbd6c3cf000 rw-p 00000000 00:00 0 
7fbd6c3cf000-7fbd6c3d3000 ---p 00000000 00:00 0 
7fbd6c3d3000-7fbd6c4d0000 rw-p 00000000 00:00 0 
7fbd6c4d0000-7fbd6c4d4000 ---p 00000000 00:00 0 
7fbd6c4d4000-7fbd6c5d1000 rw-p 00000000 00:00 0 
7fbd6c5d1000-7fbd6c5d5000 ---p 00000000 00:00 0 
7fbd6c5d5000-7fbd6c6d2000 rw-p 00000000 00:00 0 
7fbd6c6d2000-7fbd6c6d6000 ---p 00000000 00:00 0 
7fbd6c6d6000-7fbd6c7d3000 rw-p 00000000 00:00 0 
7fbd6c7d3000-7fbd6c7d7000 ---p 00000000 00:00 0 
7fbd6c7d7000-7fbd6c8d4000 rw-p 00000000 00:00 0 
7fbd6c8d4000-7fbd6c8d8000 ---p 00000000 00:00 0 
7fbd6c8d8000-7fbd6c9d5000 rw-p 00000000 00:00 0 
7fbd6c9d5000-7fbd6c9d9000 ---p 00000000 00:00 0 
7fbd6c9d9000-7fbd6ccd6000 rw-p 00000000 00:00 0 
7fbd6ccd6000-7fbd6ccda000 ---p 00000000 00:00 0 
7fbd6ccda000-7fbd6cdd7000 rw-p 00000000 00:00 0 
7fbd6cdd7000-7fbd6cddb000 ---p 00000000 00:00 0 
7fbd6cddb000-7fbd6ced8000 rw-p 00000000 00:00 0 
7fbd6ced8000-7fbd6cedc000 ---p 00000000 00:00 0 
7fbd6cedc000-7fbd6cfd9000 rw-p 00000000 00:00 0 
7fbd6cfd9000-7fbd6cfdd000 ---p 00000000 00:00 0 
7fbd6cfdd000-7fbd6d0da000 rw-p 00000000 00:00 0 
7fbd6d0da000-7fbd6d0de000 ---p 00000000 00:00 0 
7fbd6d0de000-7fbd6d3db000 rw-p 00000000 00:00 0 
7fbd6d3db000-7fbd6d5db000 rw-p 00000000 00:00 0 
7fbd6d5db000-7fbd6d7db000 rw-p 00000000 00:00 0 
7fbd6d7db000-7fbd6d9db000 rw-p 00000000 00:00 0 
7fbd6d9db000-7fbd6d9df000 ---p 00000000 00:00 0 
7fbd6d9df000-7fbd6dadc000 rw-p 00000000 00:00 0 
7fbd6dadc000-7fbd6dae0000 ---p 00000000 00:00 0 
7fbd6dae0000-7fbd6dbdd000 rw-p 00000000 00:00 0 
7fbd6dbdd000-7fbd6dbe1000 ---p 00000000 00:00 0 
7fbd6dbe1000-7fbd6dede000 rw-p 00000000 00:00 0 
7fbd6dede000-7fbd6e0ca000 rw-p 00000000 00:00 0 
7fbd6e0ca000-7fbd6e0de000 ---p 00000000 00:00 0 
7fbd6e0de000-7fbd6e2de000 rw-p 00000000 00:00 0 
7fbd6e2de000-7fbd6e2e2000 ---p 00000000 00:00 0 
7fbd6e2e2000-7fbd6e5df000 rw-p 00000000 00:00 0 
7fbd6e5df000-7fbd6e5e0000 ---p 00000000 00:00 0 
7fbd6e5e0000-7fbd6e6e1000 rw-p 00000000 00:00 0 
7fbd6e6e1000-7fbd6e6e2000 ---p 00000000 00:00 0 
7fbd6e6e2000-7fbd6e7e3000 rw-p 00000000 00:00 0 
7fbd6e7e3000-7fbd6e7e7000 ---p 00000000 00:00 0 
7fbd6e7e7000-7fbd6e8e4000 rw-p 00000000 00:00 0 
7fbd6e8e4000-7fbd6e8e8000 ---p 00000000 00:00 0 
7fbd6e8e8000-7fbd6e9e5000 rw-p 00000000 00:00 0 
7fbd6e9e5000-7fbd6e9e9000 ---p 00000000 00:00 0 
7fbd6e9e9000-7fbd6ece6000 rw-p 00000000 00:00 0 
7fbd6ece6000-7fbd6ecea000 ---p 00000000 00:00 0 
7fbd6ecea000-7fbd6ede7000 rw-p 00000000 00:00 0 
7fbd6ede7000-7fbd6edeb000 ---p 00000000 00:00 0 
7fbd6edeb000-7fbd6f0e8000 rw-p 00000000 00:00 0 
7fbd6f0e8000-7fbd6f0ec000 ---p 00000000 00:00 0 
7fbd6f0ec000-7fbd6f1e9000 rw-p 00000000 00:00 0 
7fbd6f1e9000-7fbd6f1ed000 ---p 00000000 00:00 0 
7fbd6f1ed000-7fbd6f2ea000 rw-p 00000000 00:00 0 
7fbd6f2ea000-7fbd6f2ee000 ---p 00000000 00:00 0 
7fbd6f2ee000-7fbd6f3eb000 rw-p 00000000 00:00 0 
7fbd6f3eb000-7fbd6f3ef000 ---p 00000000 00:00 0 
7fbd6f3ef000-7fbd6f4ec000 rw-p 00000000 00:00 0 
7fbd6f4ec000-7fbd6f4f0000 ---p 00000000 00:00 0 
7fbd6f4f0000-7fbd6f5ed000 rw-p 00000000 00:00 0 
7fbd6f5ed000-7fbd6f5f1000 ---p 00000000 00:00 0 
7fbd6f5f1000-7fbd6f6ee000 rw-p 00000000 00:00 0 
7fbd6f6ee000-7fbd6f6f2000 ---p 00000000 00:00 0 
7fbd6f6f2000-7fbd6f7ef000 rw-p 00000000 00:00 0 
7fbd6f7ef000-7fbd6f7f1000 r-xp 00000000 08:02 660997                     /usr/lib/jvm/java-11-openjdk-amd64/lib/libextnet.so
7fbd6f7f1000-7fbd6f9f0000 ---p 00002000 08:02 660997                     /usr/lib/jvm/java-11-openjdk-amd64/lib/libextnet.so
7fbd6f9f0000-7fbd6f9f1000 r--p 00001000 08:02 660997                     /usr/lib/jvm/java-11-openjdk-amd64/lib/libextnet.so
7fbd6f9f1000-7fbd6f9f2000 rw-p 00002000 08:02 660997                     /usr/lib/jvm/java-11-openjdk-amd64/lib/libextnet.so
7fbd6f9f2000-7fbd6f9f7000 r-xp 00000000 08:02 661721                     /usr/lib/jvm/java-11-openjdk-amd64/lib/libmanagement_ext.so
7fbd6f9f7000-7fbd6fbf6000 ---p 00005000 08:02 661721                     /usr/lib/jvm/java-11-openjdk-amd64/lib/libmanagement_ext.so
7fbd6fbf6000-7fbd6fbf7000 r--p 00004000 08:02 661721                     /usr/lib/jvm/java-11-openjdk-amd64/lib/libmanagement_ext.so
7fbd6fbf7000-7fbd6fbf8000 rw-p 00005000 08:02 661721                     /usr/lib/jvm/java-11-openjdk-amd64/lib/libmanagement_ext.so
7fbd6fbf8000-7fbd6fbfc000 r-xp 00000000 08:02 661719                     /usr/lib/jvm/java-11-openjdk-amd64/lib/libmanagement.so
7fbd6fbfc000-7fbd6fdfb000 ---p 00004000 08:02 661719                     /usr/lib/jvm/java-11-openjdk-amd64/lib/libmanagement.so
7fbd6fdfb000-7fbd6fdfc000 r--p 00003000 08:02 661719                     /usr/lib/jvm/java-11-openjdk-amd64/lib/libmanagement.so
7fbd6fdfc000-7fbd6fdfd000 rw-p 00004000 08:02 661719                     /usr/lib/jvm/java-11-openjdk-amd64/lib/libmanagement.so
7fbd6fdfd000-7fbd6fe01000 ---p 00000000 00:00 0 
7fbd6fe01000-7fbd6fefe000 rw-p 00000000 00:00 0 
7fbd6fefe000-7fbd6feff000 ---p 00000000 00:00 0 
7fbd6feff000-7fbd70000000 rw-p 00000000 00:00 0 
7fbd70000000-7fbd7043b000 rw-p 00000000 00:00 0 
7fbd7043b000-7fbd74000000 ---p 00000000 00:00 0 
7fbd74000000-7fbd744b6000 rw-p 00000000 00:00 0 
7fbd744b6000-7fbd78000000 ---p 00000000 00:00 0 
7fbd78000000-7fbd78987000 rw-p 00000000 00:00 0 
7fbd78987000-7fbd7c000000 ---p 00000000 00:00 0 
7fbd7c000000-7fbd7c032000 rw-p 00000000 00:00 0 
7fbd7c032000-7fbd80000000 ---p 00000000 00:00 0 
7fbd80000000-7fbd80021000 rw-p 00000000 00:00 0 
7fbd80021000-7fbd84000000 ---p 00000000 00:00 0 
7fbd84000000-7fbd85b62000 rw-p 00000000 00:00 0 
7fbd85b62000-7fbd88000000 ---p 00000000 00:00 0 
7fbd88000000-7fbd88021000 rw-p 00000000 00:00 0 
7fbd88021000-7fbd8c000000 ---p 00000000 00:00 0 
7fbd8c000000-7fbd8c021000 rw-p 00000000 00:00 0 
7fbd8c021000-7fbd90000000 ---p 00000000 00:00 0 
7fbd90000000-7fbd90021000 rw-p 00000000 00:00 0 
7fbd90021000-7fbd94000000 ---p 00000000 00:00 0 
7fbd94000000-7fbd94382000 rw-p 00000000 00:00 0 
7fbd94382000-7fbd98000000 ---p 00000000 00:00 0 
7fbd98000000-7fbd98021000 rw-p 00000000 00:00 0 
7fbd98021000-7fbd9c000000 ---p 00000000 00:00 0 
7fbd9c000000-7fbd9c02a000 rw-p 00000000 00:00 0 
7fbd9c02a000-7fbda0000000 ---p 00000000 00:00 0 
7fbda00fc000-7fbda0101000 r-xp 00000000 08:02 2101453                    /home/pal_user/.gradle/native/25/linux-amd64/libnative-platform.so
7fbda0101000-7fbda0300000 ---p 00005000 08:02 2101453                    /home/pal_user/.gradle/native/25/linux-amd64/libnative-platform.so
7fbda0300000-7fbda0301000 rw-p 00004000 08:02 2101453                    /home/pal_user/.gradle/native/25/linux-amd64/libnative-platform.so
7fbda0301000-7fbda0317000 r-xp 00000000 08:02 661723                     /usr/lib/jvm/java-11-openjdk-amd64/lib/libnet.so
7fbda0317000-7fbda0516000 ---p 00016000 08:02 661723                     /usr/lib/jvm/java-11-openjdk-amd64/lib/libnet.so
7fbda0516000-7fbda0517000 r--p 00015000 08:02 661723                     /usr/lib/jvm/java-11-openjdk-amd64/lib/libnet.so
7fbda0517000-7fbda0518000 rw-p 00016000 08:02 661723                     /usr/lib/jvm/java-11-openjdk-amd64/lib/libnet.so
7fbda0518000-7fbda0528000 r-xp 00000000 08:02 661724                     /usr/lib/jvm/java-11-openjdk-amd64/lib/libnio.so
7fbda0528000-7fbda0727000 ---p 00010000 08:02 661724                     /usr/lib/jvm/java-11-openjdk-amd64/lib/libnio.so
7fbda0727000-7fbda0728000 r--p 0000f000 08:02 661724                     /usr/lib/jvm/java-11-openjdk-amd64/lib/libnio.so
7fbda0728000-7fbda0729000 rw-p 00010000 08:02 661724                     /usr/lib/jvm/java-11-openjdk-amd64/lib/libnio.so
7fbda0729000-7fbda072a000 ---p 00000000 00:00 0 
7fbda072a000-7fbda082b000 rw-p 00000000 00:00 0 
7fbda082b000-7fbda082f000 ---p 00000000 00:00 0 
7fbda082f000-7fbda092c000 rw-p 00000000 00:00 0 
7fbda092c000-7fbda0930000 ---p 00000000 00:00 0 
7fbda0930000-7fbda0a2d000 rw-p 00000000 00:00 0 
7fbda0a2d000-7fbda0a31000 ---p 00000000 00:00 0 
7fbda0a31000-7fbda0b2e000 rw-p 00000000 00:00 0 
7fbda0b2e000-7fbda0b32000 ---p 00000000 00:00 0 
7fbda0b32000-7fbda0c2f000 rw-p 00000000 00:00 0 
7fbda0c2f000-7fbda0c33000 ---p 00000000 00:00 0 
7fbda0c33000-7fbda0d30000 rw-p 00000000 00:00 0 
7fbda0d30000-7fbda0d34000 ---p 00000000 00:00 0 
7fbda0d34000-7fbda0e31000 rw-p 00000000 00:00 0 
7fbda0e31000-7fbda1800000 r--p 00000000 08:02 9161                       /usr/lib/locale/locale-archive
7fbda1800000-7fbda4000000 rw-p 00000000 00:00 0 
7fbda4000000-7fbda4021000 rw-p 00000000 00:00 0 
7fbda4021000-7fbda8000000 ---p 00000000 00:00 0 
7fbda806d000-7fbda8071000 ---p 00000000 00:00 0 
7fbda8071000-7fbda816e000 rw-p 00000000 00:00 0 
7fbda816e000-7fbda8172000 ---p 00000000 00:00 0 
7fbda8172000-7fbda826f000 rw-p 00000000 00:00 0 
7fbda826f000-7fbda8270000 ---p 00000000 00:00 0 
7fbda8270000-7fbda83f2000 rw-p 00000000 00:00 0 
7fbda83f2000-7fbda83f3000 ---p 00000000 00:00 0 
7fbda83f3000-7fbda84f4000 rw-p 00000000 00:00 0 
7fbda84f4000-7fbda84f5000 ---p 00000000 00:00 0 
7fbda84f5000-7fbda89fa000 rw-p 00000000 00:00 0 
7fbda89fa000-7fbda89fb000 ---p 00000000 00:00 0 
7fbda89fb000-7fbda8afc000 rw-p 00000000 00:00 0 
7fbda8afc000-7fbda8afd000 ---p 00000000 00:00 0 
7fbda8afd000-7fbda8fa2000 rw-p 00000000 00:00 0 
7fbda8fa2000-7fbdabbfe000 ---p 00000000 00:00 0 
7fbdabbfe000-7fbdabfa2000 rw-p 00000000 00:00 0 
7fbdabfa2000-7fbdaebfe000 ---p 00000000 00:00 0 
7fbdaebfe000-7fbdaec73000 rw-p 00000000 00:00 0 
7fbdaec73000-7fbdaf1fe000 ---p 00000000 00:00 0 
7fbdaf1fe000-7fbdaf273000 rw-p 00000000 00:00 0 
7fbdaf273000-7fbdaf7fe000 ---p 00000000 00:00 0 
7fbdaf7fe000-7fbdaf873000 rw-p 00000000 00:00 0 
7fbdaf873000-7fbdafdfe000 ---p 00000000 00:00 0 
7fbdafdfe000-7fbdb0000000 rw-p 00000000 00:00 0 
7fbdb0000000-7fbdb00b6000 rw-p 00000000 00:00 0 
7fbdb00b6000-7fbdb4000000 ---p 00000000 00:00 0 
7fbdb4014000-7fbdb42a2000 rw-p 00000000 00:00 0 
7fbdb42a2000-7fbdb42a3000 ---p 00000000 00:00 0 
7fbdb42a3000-7fbdb43af000 rw-p 00000000 00:00 0 
7fbdb43af000-7fbdb448f000 ---p 00000000 00:00 0 
7fbdb448f000-7fbdb44b9000 rw-p 00000000 00:00 0 
7fbdb44b9000-7fbdb457a000 ---p 00000000 00:00 0 
7fbdb457a000-7fbdb47ea000 rwxp 00000000 00:00 0 
7fbdb47ea000-7fbdb4b0a000 ---p 00000000 00:00 0 
7fbdb4b0a000-7fbdb5fca000 rwxp 00000000 00:00 0 
7fbdb5fca000-7fbdbc042000 ---p 00000000 00:00 0 
7fbdbc042000-7fbdbc5a2000 rwxp 00000000 00:00 0 
7fbdbc5a2000-7fbdc357a000 ---p 00000000 00:00 0 
7fbdc357a000-7fbdcbbf2000 r--s 00000000 08:02 661733                     /usr/lib/jvm/java-11-openjdk-amd64/lib/modules
7fbdcbbf2000-7fbdcbbf7000 r-xp 00000000 08:02 661715                     /usr/lib/jvm/java-11-openjdk-amd64/lib/libjimage.so
7fbdcbbf7000-7fbdcbdf6000 ---p 00005000 08:02 661715                     /usr/lib/jvm/java-11-openjdk-amd64/lib/libjimage.so
7fbdcbdf6000-7fbdcbdf7000 r--p 00004000 08:02 661715                     /usr/lib/jvm/java-11-openjdk-amd64/lib/libjimage.so
7fbdcbdf7000-7fbdcbdf8000 rw-p 00005000 08:02 661715                     /usr/lib/jvm/java-11-openjdk-amd64/lib/libjimage.so
7fbdcbdf8000-7fbdcbdff000 r-xp 00000000 08:02 661732                     /usr/lib/jvm/java-11-openjdk-amd64/lib/libzip.so
7fbdcbdff000-7fbdcbffe000 ---p 00007000 08:02 661732                     /usr/lib/jvm/java-11-openjdk-amd64/lib/libzip.so
7fbdcbffe000-7fbdcbfff000 r--p 00006000 08:02 661732                     /usr/lib/jvm/java-11-openjdk-amd64/lib/libzip.so
7fbdcbfff000-7fbdcc000000 rw-p 00007000 08:02 661732                     /usr/lib/jvm/java-11-openjdk-amd64/lib/libzip.so
7fbdcc000000-7fbdcd13a000 rw-p 00000000 00:00 0 
7fbdcd13a000-7fbdd0000000 ---p 00000000 00:00 0 
7fbdd0019000-7fbdd0024000 r-xp 00000000 08:02 153208                     /lib/x86_64-linux-gnu/libnss_files-2.27.so
7fbdd0024000-7fbdd0223000 ---p 0000b000 08:02 153208                     /lib/x86_64-linux-gnu/libnss_files-2.27.so
7fbdd0223000-7fbdd0224000 r--p 0000a000 08:02 153208                     /lib/x86_64-linux-gnu/libnss_files-2.27.so
7fbdd0224000-7fbdd0225000 rw-p 0000b000 08:02 153208                     /lib/x86_64-linux-gnu/libnss_files-2.27.so
7fbdd0225000-7fbdd022b000 rw-p 00000000 00:00 0 
7fbdd022b000-7fbdd0242000 r-xp 00000000 08:02 153202                     /lib/x86_64-linux-gnu/libnsl-2.27.so
7fbdd0242000-7fbdd0441000 ---p 00017000 08:02 153202                     /lib/x86_64-linux-gnu/libnsl-2.27.so
7fbdd0441000-7fbdd0442000 r--p 00016000 08:02 153202                     /lib/x86_64-linux-gnu/libnsl-2.27.so
7fbdd0442000-7fbdd0443000 rw-p 00017000 08:02 153202                     /lib/x86_64-linux-gnu/libnsl-2.27.so
7fbdd0443000-7fbdd0445000 rw-p 00000000 00:00 0 
7fbdd0445000-7fbdd0450000 r-xp 00000000 08:02 153218                     /lib/x86_64-linux-gnu/libnss_nis-2.27.so
7fbdd0450000-7fbdd064f000 ---p 0000b000 08:02 153218                     /lib/x86_64-linux-gnu/libnss_nis-2.27.so
7fbdd064f000-7fbdd0650000 r--p 0000a000 08:02 153218                     /lib/x86_64-linux-gnu/libnss_nis-2.27.so
7fbdd0650000-7fbdd0651000 rw-p 0000b000 08:02 153218                     /lib/x86_64-linux-gnu/libnss_nis-2.27.so
7fbdd0651000-7fbdd0659000 r-xp 00000000 08:02 153204                     /lib/x86_64-linux-gnu/libnss_compat-2.27.so
7fbdd0659000-7fbdd0859000 ---p 00008000 08:02 153204                     /lib/x86_64-linux-gnu/libnss_compat-2.27.so
7fbdd0859000-7fbdd085a000 r--p 00008000 08:02 153204                     /lib/x86_64-linux-gnu/libnss_compat-2.27.so
7fbdd085a000-7fbdd085b000 rw-p 00009000 08:02 153204                     /lib/x86_64-linux-gnu/libnss_compat-2.27.so
7fbdd085b000-7fbdd0884000 r-xp 00000000 08:02 661707                     /usr/lib/jvm/java-11-openjdk-amd64/lib/libjava.so
7fbdd0884000-7fbdd0a83000 ---p 00029000 08:02 661707                     /usr/lib/jvm/java-11-openjdk-amd64/lib/libjava.so
7fbdd0a83000-7fbdd0a84000 r--p 00028000 08:02 661707                     /usr/lib/jvm/java-11-openjdk-amd64/lib/libjava.so
7fbdd0a84000-7fbdd0a86000 rw-p 00029000 08:02 661707                     /usr/lib/jvm/java-11-openjdk-amd64/lib/libjava.so
7fbdd0a86000-7fbdd0a93000 r-xp 00000000 08:02 661731                     /usr/lib/jvm/java-11-openjdk-amd64/lib/libverify.so
7fbdd0a93000-7fbdd0c92000 ---p 0000d000 08:02 661731                     /usr/lib/jvm/java-11-openjdk-amd64/lib/libverify.so
7fbdd0c92000-7fbdd0c94000 r--p 0000c000 08:02 661731                     /usr/lib/jvm/java-11-openjdk-amd64/lib/libverify.so
7fbdd0c94000-7fbdd0c95000 rw-p 0000e000 08:02 661731                     /usr/lib/jvm/java-11-openjdk-amd64/lib/libverify.so
7fbdd0c95000-7fbdd0c9c000 r-xp 00000000 08:02 153253                     /lib/x86_64-linux-gnu/librt-2.27.so
7fbdd0c9c000-7fbdd0e9b000 ---p 00007000 08:02 153253                     /lib/x86_64-linux-gnu/librt-2.27.so
7fbdd0e9b000-7fbdd0e9c000 r--p 00006000 08:02 153253                     /lib/x86_64-linux-gnu/librt-2.27.so
7fbdd0e9c000-7fbdd0e9d000 rw-p 00007000 08:02 153253                     /lib/x86_64-linux-gnu/librt-2.27.so
7fbdd0e9d000-7fbdd0eb4000 r-xp 00000000 08:02 153038                     /lib/x86_64-linux-gnu/libgcc_s.so.1
7fbdd0eb4000-7fbdd10b3000 ---p 00017000 08:02 153038                     /lib/x86_64-linux-gnu/libgcc_s.so.1
7fbdd10b3000-7fbdd10b4000 r--p 00016000 08:02 153038                     /lib/x86_64-linux-gnu/libgcc_s.so.1
7fbdd10b4000-7fbdd10b5000 rw-p 00017000 08:02 153038                     /lib/x86_64-linux-gnu/libgcc_s.so.1
7fbdd10b5000-7fbdd1252000 r-xp 00000000 08:02 153182                     /lib/x86_64-linux-gnu/libm-2.27.so
7fbdd1252000-7fbdd1451000 ---p 0019d000 08:02 153182                     /lib/x86_64-linux-gnu/libm-2.27.so
7fbdd1451000-7fbdd1452000 r--p 0019c000 08:02 153182                     /lib/x86_64-linux-gnu/libm-2.27.so
7fbdd1452000-7fbdd1453000 rw-p 0019d000 08:02 153182                     /lib/x86_64-linux-gnu/libm-2.27.so
7fbdd1453000-7fbdd15cc000 r-xp 00000000 08:02 5430                       /usr/lib/x86_64-linux-gnu/libstdc++.so.6.0.25
7fbdd15cc000-7fbdd17cc000 ---p 00179000 08:02 5430                       /usr/lib/x86_64-linux-gnu/libstdc++.so.6.0.25
7fbdd17cc000-7fbdd17d6000 r--p 00179000 08:02 5430                       /usr/lib/x86_64-linux-gnu/libstdc++.so.6.0.25
7fbdd17d6000-7fbdd17d8000 rw-p 00183000 08:02 5430                       /usr/lib/x86_64-linux-gnu/libstdc++.so.6.0.25
7fbdd17d8000-7fbdd17dc000 rw-p 00000000 00:00 0 
7fbdd17dc000-7fbdd28a7000 r-xp 00000000 08:02 661736                     /usr/lib/jvm/java-11-openjdk-amd64/lib/server/libjvm.so
7fbdd28a7000-7fbdd2aa6000 ---p 010cb000 08:02 661736                     /usr/lib/jvm/java-11-openjdk-amd64/lib/server/libjvm.so
7fbdd2aa6000-7fbdd2b63000 r--p 010ca000 08:02 661736                     /usr/lib/jvm/java-11-openjdk-amd64/lib/server/libjvm.so
7fbdd2b63000-7fbdd2b9c000 rw-p 01187000 08:02 661736                     /usr/lib/jvm/java-11-openjdk-amd64/lib/server/libjvm.so
7fbdd2b9c000-7fbdd2bf2000 rw-p 00000000 00:00 0 
7fbdd2bf2000-7fbdd2c0c000 r-xp 00000000 08:02 153245                     /lib/x86_64-linux-gnu/libpthread-2.27.so
7fbdd2c0c000-7fbdd2e0b000 ---p 0001a000 08:02 153245                     /lib/x86_64-linux-gnu/libpthread-2.27.so
7fbdd2e0b000-7fbdd2e0c000 r--p 00019000 08:02 153245                     /lib/x86_64-linux-gnu/libpthread-2.27.so
7fbdd2e0c000-7fbdd2e0d000 rw-p 0001a000 08:02 153245                     /lib/x86_64-linux-gnu/libpthread-2.27.so
7fbdd2e0d000-7fbdd2e11000 rw-p 00000000 00:00 0 
7fbdd2e11000-7fbdd2e14000 r-xp 00000000 08:02 153147                     /lib/x86_64-linux-gnu/libdl-2.27.so
7fbdd2e14000-7fbdd3013000 ---p 00003000 08:02 153147                     /lib/x86_64-linux-gnu/libdl-2.27.so
7fbdd3013000-7fbdd3014000 r--p 00002000 08:02 153147                     /lib/x86_64-linux-gnu/libdl-2.27.so
7fbdd3014000-7fbdd3015000 rw-p 00003000 08:02 153147                     /lib/x86_64-linux-gnu/libdl-2.27.so
7fbdd3015000-7fbdd3031000 r-xp 00000000 08:02 153280                     /lib/x86_64-linux-gnu/libz.so.1.2.11
7fbdd3031000-7fbdd3230000 ---p 0001c000 08:02 153280                     /lib/x86_64-linux-gnu/libz.so.1.2.11
7fbdd3230000-7fbdd3231000 r--p 0001b000 08:02 153280                     /lib/x86_64-linux-gnu/libz.so.1.2.11
7fbdd3231000-7fbdd3232000 rw-p 0001c000 08:02 153280                     /lib/x86_64-linux-gnu/libz.so.1.2.11
7fbdd3232000-7fbdd3419000 r-xp 00000000 08:02 153126                     /lib/x86_64-linux-gnu/libc-2.27.so
7fbdd3419000-7fbdd3619000 ---p 001e7000 08:02 153126                     /lib/x86_64-linux-gnu/libc-2.27.so
7fbdd3619000-7fbdd361d000 r--p 001e7000 08:02 153126                     /lib/x86_64-linux-gnu/libc-2.27.so
7fbdd361d000-7fbdd361f000 rw-p 001eb000 08:02 153126                     /lib/x86_64-linux-gnu/libc-2.27.so
7fbdd361f000-7fbdd3623000 rw-p 00000000 00:00 0 
7fbdd3623000-7fbdd3632000 r-xp 00000000 08:02 660986                     /usr/lib/jvm/java-11-openjdk-amd64/lib/jli/libjli.so
7fbdd3632000-7fbdd3832000 ---p 0000f000 08:02 660986                     /usr/lib/jvm/java-11-openjdk-amd64/lib/jli/libjli.so
7fbdd3832000-7fbdd3833000 r--p 0000f000 08:02 660986                     /usr/lib/jvm/java-11-openjdk-amd64/lib/jli/libjli.so
7fbdd3833000-7fbdd3834000 rw-p 00010000 08:02 660986                     /usr/lib/jvm/java-11-openjdk-amd64/lib/jli/libjli.so
7fbdd3834000-7fbdd385b000 r-xp 00000000 08:02 153102                     /lib/x86_64-linux-gnu/ld-2.27.so
7fbdd3867000-7fbdd393d000 rw-p 00000000 00:00 0 
7fbdd393d000-7fbdd3944000 ---p 00000000 00:00 0 
7fbdd3944000-7fbdd3948000 ---p 00000000 00:00 0 
7fbdd3948000-7fbdd3a47000 rw-p 00000000 00:00 0 
7fbdd3a48000-7fbdd3a4f000 r--s 00000000 08:02 19915                      /usr/lib/x86_64-linux-gnu/gconv/gconv-modules.cache
7fbdd3a4f000-7fbdd3a57000 rw-s 00000000 08:02 922501                     /tmp/hsperfdata_pal_user/14796
7fbdd3a57000-7fbdd3a58000 ---p 00000000 00:00 0 
7fbdd3a58000-7fbdd3a59000 r--p 00000000 00:00 0 
7fbdd3a59000-7fbdd3a5b000 rw-p 00000000 00:00 0 
7fbdd3a5b000-7fbdd3a5c000 r--p 00027000 08:02 153102                     /lib/x86_64-linux-gnu/ld-2.27.so
7fbdd3a5c000-7fbdd3a5d000 rw-p 00028000 08:02 153102                     /lib/x86_64-linux-gnu/ld-2.27.so
7fbdd3a5d000-7fbdd3a5e000 rw-p 00000000 00:00 0 
7ffe3bb95000-7ffe3bbb6000 rw-p 00000000 00:00 0                          [stack]
7ffe3bbcd000-7ffe3bbd0000 r--p 00000000 00:00 0                          [vvar]
7ffe3bbd0000-7ffe3bbd2000 r-xp 00000000 00:00 0                          [vdso]
ffffffffff600000-ffffffffff601000 r-xp 00000000 00:00 0                  [vsyscall]


VM Arguments:
jvm_args: --add-opens=java.base/java.util=ALL-UNNAMED -Xmx3g -Dfile.encoding=UTF-8 -Duser.country=US -Duser.language=en -Duser.variant 
java_command: org.gradle.launcher.daemon.bootstrap.GradleDaemon 4.10.3
java_class_path (initial): /home/pal_user/.gradle/wrapper/dists/gradle-4.10.3-all/81msde2dx9p4vji0mjgtvxkcb/gradle-4.10.3/lib/gradle-launcher-4.10.3.jar
Launcher Type: SUN_STANDARD

[Global flags]
     intx CICompilerCount                          = 3                                         {product} {ergonomic}
     uint ConcGCThreads                            = 1                                         {product} {ergonomic}
     uint G1ConcRefinementThreads                  = 4                                         {product} {ergonomic}
   size_t G1HeapRegionSize                         = 1048576                                   {product} {ergonomic}
    uintx GCDrainStackTargetSize                   = 64                                        {product} {ergonomic}
   size_t InitialHeapSize                          = 130023424                                 {product} {ergonomic}
   size_t MarkStackSize                            = 4194304                                   {product} {ergonomic}
   size_t MaxHeapSize                              = 3221225472                                {product} {command line}
   size_t MaxNewSize                               = 1932525568                                {product} {ergonomic}
   size_t MinHeapDeltaBytes                        = 1048576                                   {product} {ergonomic}
    uintx NonNMethodCodeHeapSize                   = 5830092                                {pd product} {ergonomic}
    uintx NonProfiledCodeHeapSize                  = 122914074                              {pd product} {ergonomic}
    uintx ProfiledCodeHeapSize                     = 122914074                              {pd product} {ergonomic}
    uintx ReservedCodeCacheSize                    = 251658240                              {pd product} {ergonomic}
     bool SegmentedCodeCache                       = true                                      {product} {ergonomic}
     bool UseCompressedClassPointers               = true                                 {lp64_product} {ergonomic}
     bool UseCompressedOops                        = true                                 {lp64_product} {ergonomic}
     bool UseG1GC                                  = true                                      {product} {ergonomic}

Logging:
Log output configuration:
 #0: stdout all=warning uptime,level,tags
 #1: stderr all=off uptime,level,tags

Environment Variables:
PATH=/usr/local/sbin:/usr/local/bin:/usr/sbin:/usr/bin:/sbin:/bin:/usr/games:/usr/local/games:/snap/bin
USERNAME=pal_user
SHELL=/bin/bash
DISPLAY=:0

Signal Handlers:
SIGSEGV: [libjvm.so+0xde6480], sa_mask[0]=11111111011111111101111111111110, sa_flags=SA_RESTART|SA_SIGINFO
SIGBUS: [libjvm.so+0xde6480], sa_mask[0]=11111111011111111101111111111110, sa_flags=SA_RESTART|SA_SIGINFO
SIGFPE: [libjvm.so+0xde6480], sa_mask[0]=11111111011111111101111111111110, sa_flags=SA_RESTART|SA_SIGINFO
SIGPIPE: [libjvm.so+0xbbbc90], sa_mask[0]=11111111011111111101111111111110, sa_flags=SA_RESTART|SA_SIGINFO
SIGXFSZ: [libjvm.so+0xbbbc90], sa_mask[0]=11111111011111111101111111111110, sa_flags=SA_RESTART|SA_SIGINFO
SIGILL: [libjvm.so+0xde6480], sa_mask[0]=11111111011111111101111111111110, sa_flags=SA_RESTART|SA_SIGINFO
SIGUSR2: [libjvm.so+0xbbbb30], sa_mask[0]=00100000000000000000000000000000, sa_flags=SA_RESTART|SA_SIGINFO
SIGHUP: [libjvm.so+0xbbbe90], sa_mask[0]=11111111011111111101111111111110, sa_flags=SA_RESTART|SA_SIGINFO
SIGINT: [libjvm.so+0xbbbe90], sa_mask[0]=11111111011111111101111111111110, sa_flags=SA_RESTART|SA_SIGINFO
SIGTERM: [libjvm.so+0xbbbe90], sa_mask[0]=11111111011111111101111111111110, sa_flags=SA_RESTART|SA_SIGINFO
SIGQUIT: [libjvm.so+0xbbbe90], sa_mask[0]=11111111011111111101111111111110, sa_flags=SA_RESTART|SA_SIGINFO


---------------  S Y S T E M  ---------------

OS:DISTRIB_ID=Ubuntu
DISTRIB_RELEASE=18.04
DISTRIB_CODENAME=bionic
DISTRIB_DESCRIPTION="Ubuntu 18.04.2 LTS"
uname:Linux 4.15.0-47-generic #50-Ubuntu SMP Wed Mar 13 10:44:52 UTC 2019 x86_64
libc:glibc 2.27 NPTL 2.27 
rlimit: STACK 8192k, CORE 0k, NPROC 30563, NOFILE 1048576, AS infinity, DATA infinity, FSIZE infinity
load average:52.67 33.18 14.37

/proc/meminfo:
MemTotal:        8050356 kB
MemFree:          111384 kB
MemAvailable:       8044 kB
Buffers:             824 kB
Cached:           262816 kB
SwapCached:           60 kB
Active:          6788312 kB
Inactive:         856052 kB
Active(anon):    6782208 kB
Inactive(anon):   847688 kB
Active(file):       6104 kB
Inactive(file):     8364 kB
Unevictable:          32 kB
Mlocked:              32 kB
SwapTotal:       2097148 kB
SwapFree:              4 kB
Dirty:                56 kB
Writeback:             8 kB
AnonPages:       7381088 kB
Mapped:             9516 kB
Shmem:            249000 kB
Slab:             127972 kB
SReclaimable:      60700 kB
SUnreclaim:        67272 kB
KernelStack:       26464 kB
PageTables:        71256 kB
NFS_Unstable:          0 kB
Bounce:                0 kB
WritebackTmp:          0 kB
CommitLimit:     6122324 kB
Committed_AS:   15562752 kB
VmallocTotal:   34359738367 kB
VmallocUsed:           0 kB
VmallocChunk:          0 kB
HardwareCorrupted:     0 kB
AnonHugePages:         0 kB
ShmemHugePages:        0 kB
ShmemPmdMapped:        0 kB
CmaTotal:              0 kB
CmaFree:               0 kB
HugePages_Total:       0
HugePages_Free:        0
HugePages_Rsvd:        0
HugePages_Surp:        0
Hugepagesize:       2048 kB
DirectMap4k:      236080 kB
DirectMap2M:     8040448 kB
DirectMap1G:           0 kB


/proc/sys/kernel/threads-max (system-wide limit on the number of threads):
61126


/proc/sys/vm/max_map_count (maximum number of memory map areas a process may have):
65530


/proc/sys/kernel/pid_max (system-wide limit on number of process identifiers):
32768



container (cgroup) information:
container_type: cgroupv1
cpu_cpuset_cpus: 0-3
cpu_memory_nodes: 0
active_processor_count: 4
cpu_quota: -1
cpu_period: 100000
cpu_shares: -1
memory_limit_in_bytes: -1
memory_and_swap_limit_in_bytes: -2
memory_soft_limit_in_bytes: -1
memory_usage_in_bytes: 7832551424
memory_max_usage_in_bytes: 0


CPU:total 4 (initial active 4) (2 cores per cpu, 2 threads per core) family 6 model 142 stepping 9, cmov, cx8, fxsr, mmx, sse, sse2, sse3, ssse3, sse4.1, sse4.2, popcnt, avx, avx2, aes, clmul, erms, 3dnowpref, lzcnt, ht, tsc, tscinvbit, bmi1, bmi2, adx, fma
CPU Model and flags from /proc/cpuinfo:
model name	: Intel(R) Core(TM) i5-7260U CPU @ 2.20GHz
flags		: fpu vme de pse tsc msr pae mce cx8 apic sep mtrr pge mca cmov pat pse36 clflush dts acpi mmx fxsr sse sse2 ss ht tm pbe syscall nx pdpe1gb rdtscp lm constant_tsc art arch_perfmon pebs bts rep_good nopl xtopology nonstop_tsc cpuid aperfmperf tsc_known_freq pni pclmulqdq dtes64 monitor ds_cpl vmx est tm2 ssse3 sdbg fma cx16 xtpr pdcm pcid sse4_1 sse4_2 x2apic movbe popcnt tsc_deadline_timer aes xsave avx f16c rdrand lahf_lm abm 3dnowprefetch cpuid_fault epb invpcid_single pti ssbd ibrs ibpb stibp tpr_shadow vnmi flexpriority ept vpid fsgsbase tsc_adjust bmi1 avx2 smep bmi2 erms invpcid mpx rdseed adx smap clflushopt intel_pt xsaveopt xsavec xgetbv1 xsaves dtherm ida arat pln pts hwp hwp_notify hwp_act_window hwp_epp flush_l1d

Memory: 4k page, physical 8050356k(110164k free), swap 2097148k(0k free)

vm_info: OpenJDK 64-Bit Server VM (11.0.2+9-Ubuntu-3ubuntu118.04.3) for linux-amd64 JRE (11.0.2+9-Ubuntu-3ubuntu118.04.3), built on Mar 26 2019 20:57:06 by "buildd" with gcc 7.3.0

END.
